new GET request for /api/cart?email=saikumarreddy.g21@iiits.in of version 1.1 by - .it took 6.31 to be resolved
new POST request for /api/reviewsdata of version 1.1 by - .it took 5.33 to be resolved
new GET request for /api/cart?email=saikumarreddy.g21@iiits.in of version 1.1 by - .it took 16.07 to be resolved
new GET request for /api/cart?email=saikumarreddy.g21@iiits.in of version 1.1 by - .it took 3.85 to be resolved
new GET request for /api/getLoginStatus of version 1.1 by - .it took 6.08 to be resolved
new GET request for /api/getLoginStatus of version 1.1 by - .it took 5.28 to be resolved
new GET request for /api/getuser of version 1.1 by - .it took 41.22 to be resolved
new GET request for /api/getuser of version 1.1 by - .it took 19.33 to be resolved
new GET request for /api/cart?email=saikumarreddy.g21@iiits.in of version 1.1 by - .it took 9.39 to be resolved
new GET request for /api/cart?email=saikumarreddy.g21@iiits.in of version 1.1 by - .it took 5.97 to be resolved
new GET request for /api/cart?email=saikumarreddy.g21@iiits.in of version 1.1 by - .it took 7.62 to be resolved
new GET request for /api/cart?email=saikumarreddy.g21@iiits.in of version 1.1 by - .it took 4.48 to be resolved
new GET request for /api/cart?email=saikumarreddy.g21@iiits.in of version 1.1 by - .it took 5.25 to be resolved
new GET request for /api/cart?email=saikumarreddy.g21@iiits.in of version 1.1 by - .it took 6.28 to be resolved
new GET request for /api/cart?email=saikumarreddy.g21@iiits.in of version 1.1 by - .it took 3.66 to be resolved
new GET request for /api/cart?email=saikumarreddy.g21@iiits.in of version 1.1 by - .it took 4.09 to be resolved
new GET request for /api/cart?email=saikumarreddy.g21@iiits.in of version 1.1 by - .it took 6.10 to be resolved
new POST request for /api/reviewsdata of version 1.1 by - .it took 6.21 to be resolved
new GET request for /api/cart?email=saikumarreddy.g21@iiits.in of version 1.1 by - .it took 3.77 to be resolved
new GET request for /api/cart?email=saikumarreddy.g21@iiits.in of version 1.1 by - .it took 3.64 to be resolved
new GET request for /api/cart?email=saikumarreddy.g21@iiits.in of version 1.1 by - .it took 6.61 to be resolved
new GET request for /api/cart?email=saikumarreddy.g21@iiits.in of version 1.1 by - .it took 16.37 to be resolved
new GET request for /api/cart?email=saikumarreddy.g21@iiits.in of version 1.1 by - .it took 6.94 to be resolved
new GET request for /api/cart?email=saikumarreddy.g21@iiits.in of version 1.1 by - .it took 21.75 to be resolved
new GET request for /api/cart?email=saikumarreddy.g21@iiits.in of version 1.1 by - .it took 4.73 to be resolved
new GET request for /api/cart?email=saikumarreddy.g21@iiits.in of version 1.1 by - .it took 4.33 to be resolved
new GET request for /api/cart?email=saikumarreddy.g21@iiits.in of version 1.1 by - .it took 10.17 to be resolved
new GET request for /api/cart?email=saikumarreddy.g21@iiits.in of version 1.1 by - .it took 7.69 to be resolved
new GET request for /api/cart?email=saikumarreddy.g21@iiits.in of version 1.1 by - .it took 8.93 to be resolved
new GET request for /api/cart?email=saikumarreddy.g21@iiits.in of version 1.1 by - .it took 7.10 to be resolved
new GET request for /api/cart?email=saikumarreddy.g21@iiits.in of version 1.1 by - .it took 15.31 to be resolved
new GET request for /api/cart?email=saikumarreddy.g21@iiits.in of version 1.1 by - .it took 5.33 to be resolved
new GET request for /api/cart?email=saikumarreddy.g21@iiits.in of version 1.1 by - .it took 7.00 to be resolved
new GET request for /api/cart?email=saikumarreddy.g21@iiits.in of version 1.1 by - .it took 4.61 to be resolved
new POST request for /api/reviewsdata of version 1.1 by - .it took 5.32 to be resolved
new GET request for /api/cart?email=saikumarreddy.g21@iiits.in of version 1.1 by - .it took 7.36 to be resolved
new GET request for /api/cart?email=saikumarreddy.g21@iiits.in of version 1.1 by - .it took 6.27 to be resolved
new GET request for /api/getLoginStatus of version 1.1 by - .it took 3.19 to be resolved
new GET request for /api/getLoginStatus of version 1.1 by - .it took 3.71 to be resolved
new GET request for /api/getuser of version 1.1 by - .it took 38.53 to be resolved
new GET request for /api/getuser of version 1.1 by - .it took 25.44 to be resolved
new GET request for /api/cart?email=saikumarreddy.g21@iiits.in of version 1.1 by - .it took 19.78 to be resolved
new GET request for /api/cart?email=saikumarreddy.g21@iiits.in of version 1.1 by - .it took 9.99 to be resolved
new GET request for /api/getuser of version 1.1 by - .it took 17.32 to be resolved
new GET request for /api/getuser of version 1.1 by - .it took 16.22 to be resolved
new GET request for /api/cart?email=saikumarreddy.g21@iiits.in of version 1.1 by - .it took 7.50 to be resolved
new GET request for /api/cart?email=saikumarreddy.g21@iiits.in of version 1.1 by - .it took 5.27 to be resolved
new GET request for /api/getLoginStatus of version 1.1 by - .it took 3.05 to be resolved
new GET request for /api/getLoginStatus of version 1.1 by - .it took 2.80 to be resolved
new GET request for /api/getuser of version 1.1 by - .it took 18.88 to be resolved
new GET request for /api/getLoginStatus of version 1.1 by - .it took 3.25 to be resolved
new GET request for /api/getLoginStatus of version 1.1 by - .it took 3.74 to be resolved
new GET request for /api/getuser of version 1.1 by - .it took 23.81 to be resolved
new GET request for /api/getuser of version 1.1 by - .it took 13.35 to be resolved
new GET request for /api/cart?email=saikumarreddy.g21@iiits.in of version 1.1 by - .it took 8.85 to be resolved
new GET request for /api/cart?email=saikumarreddy.g21@iiits.in of version 1.1 by - .it took 7.99 to be resolved
new GET request for /api/getuser of version 1.1 by - .it took 14.54 to be resolved
new GET request for /api/cart?email=saikumarreddy.g21@iiits.in of version 1.1 by - .it took 8.62 to be resolved
new GET request for /api/getuser of version 1.1 by - .it took 14.22 to be resolved
new GET request for /api/getuser of version 1.1 by - .it took 10.64 to be resolved
new GET request for /api/cart?email=saikumarreddy.g21@iiits.in of version 1.1 by - .it took 4.65 to be resolved
new GET request for /api/cart?email=saikumarreddy.g21@iiits.in of version 1.1 by - .it took 4.15 to be resolved
new GET request for /api/getLoginStatus of version 1.1 by - .it took 3.23 to be resolved
new GET request for /api/getLoginStatus of version 1.1 by - .it took 5.33 to be resolved
new GET request for /api/getuser of version 1.1 by - .it took 22.90 to be resolved
new GET request for /api/getuser of version 1.1 by - .it took 13.97 to be resolved
new GET request for /api/cart?email=saikumarreddy.g21@iiits.in of version 1.1 by - .it took 13.09 to be resolved
new GET request for /api/getuser of version 1.1 by - .it took 22.18 to be resolved
new GET request for /api/cart?email=saikumarreddy.g21@iiits.in of version 1.1 by - .it took 11.32 to be resolved
new GET request for /api/getuser of version 1.1 by - .it took 13.17 to be resolved
new GET request for /api/cart?email=saikumarreddy.g21@iiits.in of version 1.1 by - .it took 5.74 to be resolved
new GET request for /api/cart?email=saikumarreddy.g21@iiits.in of version 1.1 by - .it took 10.89 to be resolved
new GET request for /api/cart?email=saikumarreddy.g21@iiits.in of version 1.1 by - .it took 6.79 to be resolved
new GET request for /api/cart?email=saikumarreddy.g21@iiits.in of version 1.1 by - .it took 2.73 to be resolved
new GET request for /api/cart?email=saikumarreddy.g21@iiits.in of version 1.1 by - .it took 3.97 to be resolved
new GET request for /api/cart?email=saikumarreddy.g21@iiits.in of version 1.1 by - .it took 3.91 to be resolved
new GET request for /api/cart?email=saikumarreddy.g21@iiits.in of version 1.1 by - .it took 18.62 to be resolved
new GET request for /api/cart?email=saikumarreddy.g21@iiits.in of version 1.1 by - .it took 7.45 to be resolved
new GET request for /api/cart?email=saikumarreddy.g21@iiits.in of version 1.1 by - .it took 4.07 to be resolved
new GET request for /api/cart?email=saikumarreddy.g21@iiits.in of version 1.1 by - .it took 4.46 to be resolved
new GET request for /api/getLoginStatus of version 1.1 by - .it took 9.67 to be resolved
new GET request for /api/cart?email=saikumarreddy.g21@iiits.in of version 1.1 by - .it took 18.34 to be resolved
new GET request for /api/fetchreview of version 1.1 by - .it took 19.41 to be resolved
new GET request for /api/getLoginStatus of version 1.1 by - .it took 3.88 to be resolved
new GET request for /api/cart?email=saikumarreddy.g21@iiits.in of version 1.1 by - .it took 7.13 to be resolved
new GET request for /api/fetchreview of version 1.1 by - .it took 7.80 to be resolved
new GET request for /api/cart?email=saikumarreddy.g21@iiits.in of version 1.1 by - .it took 5.07 to be resolved
new GET request for /api/fetchreview of version 1.1 by - .it took 5.78 to be resolved
new GET request for /api/cart?email=saikumarreddy.g21@iiits.in of version 1.1 by - .it took 5.45 to be resolved
new GET request for /api/fetchreview of version 1.1 by - .it took 6.04 to be resolved
new GET request for /api/cart?email=saikumarreddy.g21@iiits.in of version 1.1 by - .it took 7.41 to be resolved
new GET request for /api/fetchreview of version 1.1 by - .it took 6.81 to be resolved
new GET request for /api/cart?email=saikumarreddy.g21@iiits.in of version 1.1 by - .it took 5.80 to be resolved
new GET request for /api/fetchreview of version 1.1 by - .it took 5.51 to be resolved
new GET request for /api/cart?email=saikumarreddy.g21@iiits.in of version 1.1 by - .it took 5.46 to be resolved
new GET request for /api/fetchreview of version 1.1 by - .it took 6.45 to be resolved
new GET request for /api/cart?email=saikumarreddy.g21@iiits.in of version 1.1 by - .it took 5.67 to be resolved
new GET request for /api/fetchreview of version 1.1 by - .it took 6.26 to be resolved
new GET request for /api/cart?email=saikumarreddy.g21@iiits.in of version 1.1 by - .it took 4.10 to be resolved
new GET request for /api/fetchreview of version 1.1 by - .it took 5.16 to be resolved
new GET request for /api/cart?email=saikumarreddy.g21@iiits.in of version 1.1 by - .it took 8.29 to be resolved
new GET request for /api/fetchreview of version 1.1 by - .it took 8.80 to be resolved
new POST request for /api/reviewsdata of version 1.1 by - .it took 68.01 to be resolved
new GET request for /api/getLoginStatus of version 1.1 by - .it took 3.80 to be resolved
new GET request for /api/fetchreview of version 1.1 by - .it took 13.08 to be resolved
new GET request for /api/getLoginStatus of version 1.1 by - .it took 2.06 to be resolved
new GET request for /api/getuser of version 1.1 by - .it took 31.22 to be resolved
new GET request for /api/fetchreview of version 1.1 by - .it took 5.34 to be resolved
new GET request for /api/getuser of version 1.1 by - .it took 8.94 to be resolved
new GET request for /api/cart?email=saikumarreddy.g21@iiits.in of version 1.1 by - .it took 8.15 to be resolved
new GET request for /api/getuser of version 1.1 by - .it took 10.23 to be resolved
new GET request for /api/cart?email=saikumarreddy.g21@iiits.in of version 1.1 by - .it took 6.16 to be resolved
new GET request for /api/getuser of version 1.1 by - .it took 6.33 to be resolved
new GET request for /api/cart?email=saikumarreddy.g21@iiits.in of version 1.1 by - .it took 5.65 to be resolved
new GET request for /api/cart?email=saikumarreddy.g21@iiits.in of version 1.1 by - .it took 3.11 to be resolved
new GET request for /api/getLoginStatus of version 1.1 by - .it took 3.64 to be resolved
new GET request for /api/getLoginStatus of version 1.1 by - .it took 1.99 to be resolved
new GET request for /api/fetchreview of version 1.1 by - .it took 10.83 to be resolved
new GET request for /api/getuser of version 1.1 by - .it took 20.00 to be resolved
new GET request for /api/fetchreview of version 1.1 by - .it took 6.16 to be resolved
new GET request for /api/getuser of version 1.1 by - .it took 8.19 to be resolved
new GET request for /api/cart?email=saikumarreddy.g21@iiits.in of version 1.1 by - .it took 8.89 to be resolved
new GET request for /api/getuser of version 1.1 by - .it took 13.22 to be resolved
new GET request for /api/cart?email=saikumarreddy.g21@iiits.in of version 1.1 by - .it took 7.38 to be resolved
new GET request for /api/getuser of version 1.1 by - .it took 7.31 to be resolved
new GET request for /api/cart?email=saikumarreddy.g21@iiits.in of version 1.1 by - .it took 5.05 to be resolved
new GET request for /api/cart?email=saikumarreddy.g21@iiits.in of version 1.1 by - .it took 4.37 to be resolved
new POST request for /api/reviewsdata of version 1.1 by - .it took 3.49 to be resolved
new GET request for /api/products of version 1.1 by - .it took 7.23 to be resolved
new GET request for /api/products of version 1.1 by - .it took 5.50 to be resolved
new GET request for /api/cart?email=saikumarreddy.g21@iiits.in of version 1.1 by - .it took 13.64 to be resolved
new GET request for /api/products of version 1.1 by - .it took 16.75 to be resolved
new GET request for /api/fetchreview of version 1.1 by - .it took 16.64 to be resolved
new GET request for /api/cart?email=saikumarreddy.g21@iiits.in of version 1.1 by - .it took 6.32 to be resolved
new GET request for /api/products of version 1.1 by - .it took 10.01 to be resolved
new GET request for /api/fetchreview of version 1.1 by - .it took 10.44 to be resolved
new GET request for /api/getLoginStatus of version 1.1 by - .it took 2.63 to be resolved
new GET request for /api/getLoginStatus of version 1.1 by - .it took 3.02 to be resolved
new GET request for /api/products of version 1.1 by - .it took 17.02 to be resolved
new GET request for /api/fetchreview of version 1.1 by - .it took 16.85 to be resolved
new GET request for /api/getuser of version 1.1 by - .it took 24.47 to be resolved
new GET request for /api/products of version 1.1 by - .it took 11.32 to be resolved
new GET request for /api/fetchreview of version 1.1 by - .it took 11.34 to be resolved
new GET request for /api/getuser of version 1.1 by - .it took 15.35 to be resolved
new GET request for /api/cart?email=saikumarreddy.g21@iiits.in of version 1.1 by - .it took 8.55 to be resolved
new GET request for /api/cart?email=saikumarreddy.g21@iiits.in of version 1.1 by - .it took 5.08 to be resolved
new GET request for /api/cart?email=saikumarreddy.g21@iiits.in of version 1.1 by - .it took 6.34 to be resolved
new GET request for /api/products of version 1.1 by - .it took 8.87 to be resolved
new GET request for /api/fetchreview of version 1.1 by - .it took 7.72 to be resolved
new GET request for /api/getLoginStatus of version 1.1 by - .it took 3.92 to be resolved
new GET request for /api/products of version 1.1 by - .it took 11.51 to be resolved
new GET request for /api/fetchreview of version 1.1 by - .it took 11.53 to be resolved
new GET request for /api/getLoginStatus of version 1.1 by - .it took 2.08 to be resolved
new GET request for /api/getuser of version 1.1 by - .it took 22.94 to be resolved
new GET request for /api/products of version 1.1 by - .it took 17.97 to be resolved
new GET request for /api/fetchreview of version 1.1 by - .it took 19.33 to be resolved
new GET request for /api/cart?email=saikumarreddy.g21@iiits.in of version 1.1 by - .it took 4.90 to be resolved
new GET request for /api/getuser of version 1.1 by - .it took 27.98 to be resolved
new GET request for /api/cart?email=saikumarreddy.g21@iiits.in of version 1.1 by - .it took 4.45 to be resolved
new GET request for /api/cart?email=saikumarreddy.g21@iiits.in of version 1.1 by - .it took 7.47 to be resolved
new GET request for /api/products of version 1.1 by - .it took 9.37 to be resolved
new GET request for /api/fetchreview of version 1.1 by - .it took 8.76 to be resolved
new GET request for /api/getLoginStatus of version 1.1 by - .it took 2.69 to be resolved
new GET request for /api/products of version 1.1 by - .it took 11.46 to be resolved
new GET request for /api/fetchreview of version 1.1 by - .it took 11.35 to be resolved
new GET request for /api/getLoginStatus of version 1.1 by - .it took 4.50 to be resolved
new GET request for /api/getuser of version 1.1 by - .it took 40.01 to be resolved
new GET request for /api/products of version 1.1 by - .it took 12.49 to be resolved
new GET request for /api/fetchreview of version 1.1 by - .it took 12.91 to be resolved
new GET request for /api/cart?email=saikumarreddy.g21@iiits.in of version 1.1 by - .it took 4.55 to be resolved
new GET request for /api/getuser of version 1.1 by - .it took 21.04 to be resolved
new GET request for /api/cart?email=saikumarreddy.g21@iiits.in of version 1.1 by - .it took 3.39 to be resolved
new GET request for /api/products of version 1.1 by - .it took 5.57 to be resolved
new GET request for /api/products of version 1.1 by - .it took 5.33 to be resolved
new GET request for /api/cart?email=saikumarreddy.g21@iiits.in of version 1.1 by - .it took 6.17 to be resolved
new GET request for /api/products of version 1.1 by - .it took 8.67 to be resolved
new GET request for /api/fetchreview of version 1.1 by - .it took 9.93 to be resolved
new GET request for /api/cart?email=saikumarreddy.g21@iiits.in of version 1.1 by - .it took 16.53 to be resolved
new GET request for /api/products of version 1.1 by - .it took 8.72 to be resolved
new GET request for /api/fetchreview of version 1.1 by - .it took 10.27 to be resolved
new GET request for /api/cart?email=saikumarreddy.g21@iiits.in of version 1.1 by - .it took 8.54 to be resolved
new GET request for /api/products of version 1.1 by - .it took 10.89 to be resolved
new GET request for /api/fetchreview of version 1.1 by - .it took 10.38 to be resolved
new GET request for /api/fetchreview of version 1.1 by - .it took 3.16 to be resolved
new GET request for /api/products of version 1.1 by - .it took 5.51 to be resolved
new GET request for /api/fetchreview of version 1.1 by - .it took 3.92 to be resolved
new GET request for /api/products of version 1.1 by - .it took 5.82 to be resolved
new GET request for /api/products of version 1.1 by - .it took 5.98 to be resolved
new GET request for /api/fetchreview of version 1.1 by - .it took 6.11 to be resolved
new GET request for /api/products of version 1.1 by - .it took 8.31 to be resolved
new GET request for /api/fetchreview of version 1.1 by - .it took 8.71 to be resolved
new GET request for /api/getLoginStatus of version 1.1 by - .it took 2.25 to be resolved
new GET request for /api/products of version 1.1 by - .it took 10.94 to be resolved
new GET request for /api/fetchreview of version 1.1 by - .it took 10.36 to be resolved
new GET request for /api/getLoginStatus of version 1.1 by - .it took 2.81 to be resolved
new GET request for /api/getuser of version 1.1 by - .it took 24.94 to be resolved
new GET request for /api/products of version 1.1 by - .it took 7.18 to be resolved
new GET request for /api/fetchreview of version 1.1 by - .it took 8.99 to be resolved
new GET request for /api/getuser of version 1.1 by - .it took 14.07 to be resolved
new GET request for /api/products of version 1.1 by - .it took 6.73 to be resolved
new GET request for /api/products of version 1.1 by - .it took 4.41 to be resolved
new GET request for /api/products of version 1.1 by - .it took 6.63 to be resolved
new GET request for /api/fetchreview of version 1.1 by - .it took 5.73 to be resolved
new GET request for /api/products of version 1.1 by - .it took 4.63 to be resolved
new GET request for /api/fetchreview of version 1.1 by - .it took 4.58 to be resolved
new GET request for /api/products of version 1.1 by - .it took 8.37 to be resolved
new GET request for /api/products of version 1.1 by - .it took 3.48 to be resolved
new GET request for /api/fetchreview of version 1.1 by - .it took 4.37 to be resolved
new GET request for /api/products of version 1.1 by - .it took 5.51 to be resolved
new GET request for /api/fetchreview of version 1.1 by - .it took 3.01 to be resolved
new GET request for /api/products of version 1.1 by - .it took 4.76 to be resolved
new GET request for /api/products of version 1.1 by - .it took 3.67 to be resolved
new GET request for /api/products of version 1.1 by - .it took 4.58 to be resolved
new GET request for /api/cart?email=saikumarreddy.g21@iiits.in of version 1.1 by - .it took 5.06 to be resolved
new GET request for /api/fetchreview of version 1.1 by - .it took 6.96 to be resolved
new GET request for /api/cart?email=saikumarreddy.g21@iiits.in of version 1.1 by - .it took 5.33 to be resolved
new GET request for /api/fetchreview of version 1.1 by - .it took 5.69 to be resolved
new GET request for /api/getLoginStatus of version 1.1 by - .it took 1.76 to be resolved
new GET request for /api/fetchreview of version 1.1 by - .it took 5.94 to be resolved
new GET request for /api/getLoginStatus of version 1.1 by - .it took 1.62 to be resolved
new GET request for /api/getuser of version 1.1 by - .it took 17.17 to be resolved
new GET request for /api/fetchreview of version 1.1 by - .it took 3.95 to be resolved
new GET request for /api/getuser of version 1.1 by - .it took 10.15 to be resolved
new GET request for /api/cart?email=saikumarreddy.g21@iiits.in of version 1.1 by - .it took 6.29 to be resolved
new GET request for /api/getuser of version 1.1 by - .it took 12.62 to be resolved
new GET request for /api/cart?email=saikumarreddy.g21@iiits.in of version 1.1 by - .it took 6.36 to be resolved
new GET request for /api/getuser of version 1.1 by - .it took 7.52 to be resolved
new GET request for /api/cart?email=saikumarreddy.g21@iiits.in of version 1.1 by - .it took 3.56 to be resolved
new GET request for /api/cart?email=saikumarreddy.g21@iiits.in of version 1.1 by - .it took 5.60 to be resolved
new GET request for /api/products of version 1.1 by - .it took 5.12 to be resolved
new GET request for /api/products of version 1.1 by - .it took 6.47 to be resolved
new GET request for /api/fetchreview of version 1.1 by - .it took 6.92 to be resolved
new GET request for /api/products of version 1.1 by - .it took 8.73 to be resolved
new GET request for /api/fetchreview of version 1.1 by - .it took 6.34 to be resolved
new GET request for /api/products of version 1.1 by - .it took 6.38 to be resolved
new GET request for /api/getLoginStatus of version 1.1 by - .it took 20.13 to be resolved
new GET request for /api/getLoginStatus of version 1.1 by - .it took 5.35 to be resolved
new GET request for /api/getuser of version 1.1 by - .it took 94.43 to be resolved
new GET request for /api/getuser of version 1.1 by - .it took 19.54 to be resolved
new GET request for /api/getLoginStatus of version 1.1 by - .it took 4.32 to be resolved
new GET request for /api/getLoginStatus of version 1.1 by - .it took 3.36 to be resolved
new GET request for /api/getuser of version 1.1 by - .it took 39.46 to be resolved
new GET request for /api/fetchreview of version 1.1 by - .it took 43.54 to be resolved
new GET request for /api/products of version 1.1 by - .it took 65.53 to be resolved
new GET request for /api/getuser of version 1.1 by - .it took 46.51 to be resolved
new GET request for /api/fetchreview of version 1.1 by - .it took 17.98 to be resolved
new GET request for /api/products of version 1.1 by - .it took 21.15 to be resolved
new GET request for /api/cartdata of version 1.1 by - .it took 15.22 to be resolved
new GET request for /api/reviews of version 1.1 by - .it took 14.66 to be resolved
new GET request for /api/cartdata of version 1.1 by - .it took 10.38 to be resolved
new GET request for /api/cartdata of version 1.1 by - .it took 16.01 to be resolved
new GET request for /api/reviews of version 1.1 by - .it took 16.57 to be resolved
new GET request for /api/cartdata of version 1.1 by - .it took 9.33 to be resolved
new GET request for /data.json of version 1.1 by - .it took 7.98 to be resolved
new GET request for /api/products of version 1.1 by - .it took 18.65 to be resolved
new GET request for /api/home12 of version 1.1 by - .it took 19.56 to be resolved
new GET request for /data.json of version 1.1 by - .it took 2.73 to be resolved
new GET request for /api/products of version 1.1 by - .it took 13.80 to be resolved
new GET request for /api/home12 of version 1.1 by - .it took 18.64 to be resolved
new GET request for /api/cartdata of version 1.1 by - .it took 19.68 to be resolved
new GET request for /api/cartdata of version 1.1 by - .it took 8.52 to be resolved
new GET request for /api/getLoginStatus of version 1.1 by - .it took 2.94 to be resolved
new GET request for /api/getLoginStatus of version 1.1 by - .it took 2.38 to be resolved
new GET request for /api/getuser of version 1.1 by - .it took 19.03 to be resolved
new GET request for /api/getuser of version 1.1 by - .it took 21.11 to be resolved
new GET request for /api/cart?email=saikumarreddy.g21@iiits.in of version 1.1 by - .it took 10.00 to be resolved
new GET request for /api/fetchreview of version 1.1 by - .it took 11.05 to be resolved
new GET request for /api/cart?email=saikumarreddy.g21@iiits.in of version 1.1 by - .it took 11.66 to be resolved
new GET request for /api/fetchreview of version 1.1 by - .it took 16.74 to be resolved
new POST request for /api/reviewsdata of version 1.1 by - .it took 24.89 to be resolved
new GET request for /api/getLoginStatus of version 1.1 by - .it took 3.33 to be resolved
new GET request for /api/fetchreview of version 1.1 by - .it took 11.45 to be resolved
new GET request for /api/getLoginStatus of version 1.1 by - .it took 4.29 to be resolved
new GET request for /api/getuser of version 1.1 by - .it took 28.58 to be resolved
new GET request for /api/fetchreview of version 1.1 by - .it took 6.35 to be resolved
new GET request for /api/getuser of version 1.1 by - .it took 16.03 to be resolved
new GET request for /api/cart?email=saikumarreddy.g21@iiits.in of version 1.1 by - .it took 10.44 to be resolved
new GET request for /api/cart?email=saikumarreddy.g21@iiits.in of version 1.1 by - .it took 10.93 to be resolved
new GET request for /api/getuser of version 1.1 by - .it took 20.40 to be resolved
new GET request for /api/getuser of version 1.1 by - .it took 14.50 to be resolved
new GET request for /api/cart?email=saikumarreddy.g21@iiits.in of version 1.1 by - .it took 4.90 to be resolved
new GET request for /api/cart?email=saikumarreddy.g21@iiits.in of version 1.1 by - .it took 7.09 to be resolved
new GET request for /api/cart?email=saikumarreddy.g21@iiits.in of version 1.1 by - .it took 5.57 to be resolved
new GET request for /api/fetchreview of version 1.1 by - .it took 6.24 to be resolved
new GET request for /api/cart?email=saikumarreddy.g21@iiits.in of version 1.1 by - .it took 7.94 to be resolved
new GET request for /api/fetchreview of version 1.1 by - .it took 10.10 to be resolved
new GET request for /api/getLoginStatus of version 1.1 by - .it took 2.18 to be resolved
new GET request for /api/fetchreview of version 1.1 by - .it took 8.68 to be resolved
new GET request for /api/getLoginStatus of version 1.1 by - .it took 4.24 to be resolved
new GET request for /api/getuser of version 1.1 by - .it took 23.95 to be resolved
new GET request for /api/fetchreview of version 1.1 by - .it took 8.25 to be resolved
new GET request for /api/cart?email=saikumarreddy.g21@iiits.in of version 1.1 by - .it took 10.32 to be resolved
new GET request for /api/getuser of version 1.1 by - .it took 25.81 to be resolved
new GET request for /api/getuser of version 1.1 by - .it took 8.82 to be resolved
new GET request for /api/getuser of version 1.1 by - .it took 25.55 to be resolved
new GET request for /api/cart?email=saikumarreddy.g21@iiits.in of version 1.1 by - .it took 5.56 to be resolved
new GET request for /api/cart?email=saikumarreddy.g21@iiits.in of version 1.1 by - .it took 5.72 to be resolved
new GET request for /api/cart?email=saikumarreddy.g21@iiits.in of version 1.1 by - .it took 6.95 to be resolved
new GET request for /api/getLoginStatus of version 1.1 by - .it took 2.71 to be resolved
new GET request for /api/cart?email=saikumarreddy.g21@iiits.in of version 1.1 by - .it took 7.67 to be resolved
new GET request for /api/fetchreview of version 1.1 by - .it took 7.52 to be resolved
new GET request for /api/getLoginStatus of version 1.1 by - .it took 1.67 to be resolved
new GET request for /api/cart?email=saikumarreddy.g21@iiits.in of version 1.1 by - .it took 5.15 to be resolved
new GET request for /api/fetchreview of version 1.1 by - .it took 7.02 to be resolved
new GET request for /api/getLoginStatus of version 1.1 by - .it took 4.49 to be resolved
new GET request for /api/cart?email=saikumarreddy.g21@iiits.in of version 1.1 by - .it took 17.88 to be resolved
new GET request for /api/fetchreview of version 1.1 by - .it took 19.15 to be resolved
new GET request for /api/getLoginStatus of version 1.1 by - .it took 4.65 to be resolved
new GET request for /api/cart?email=saikumarreddy.g21@iiits.in of version 1.1 by - .it took 13.19 to be resolved
new GET request for /api/fetchreview of version 1.1 by - .it took 14.00 to be resolved
new GET request for /api/getLoginStatus of version 1.1 by - .it took 4.46 to be resolved
new GET request for /api/cart?email=saikumarreddy.g21@iiits.in of version 1.1 by - .it took 15.73 to be resolved
new GET request for /api/fetchreview of version 1.1 by - .it took 16.34 to be resolved
new GET request for /api/getLoginStatus of version 1.1 by - .it took 6.66 to be resolved
new GET request for /api/cart?email=saikumarreddy.g21@iiits.in of version 1.1 by - .it took 15.76 to be resolved
new GET request for /api/fetchreview of version 1.1 by - .it took 14.54 to be resolved
new POST request for /api/reviewsdata of version 1.1 by - .it took 4.97 to be resolved
new GET request for /api/cart?email=saikumarreddy.g21@iiits.in of version 1.1 by - .it took 3.41 to be resolved
new GET request for /api/fetchreview of version 1.1 by - .it took 4.27 to be resolved
new GET request for /api/cart?email=saikumarreddy.g21@iiits.in of version 1.1 by - .it took 5.69 to be resolved
new GET request for /api/fetchreview of version 1.1 by - .it took 6.50 to be resolved
new GET request for /api/fetchreview of version 1.1 by - .it took 2.41 to be resolved
new GET request for /api/cart?email=saikumarreddy.g21@iiits.in of version 1.1 by - .it took 4.97 to be resolved
new GET request for /api/cart?email=saikumarreddy.g21@iiits.in of version 1.1 by - .it took 4.15 to be resolved
new GET request for /api/fetchreview of version 1.1 by - .it took 5.81 to be resolved
new GET request for /api/cart?email=saikumarreddy.g21@iiits.in of version 1.1 by - .it took 3.90 to be resolved
new GET request for /api/fetchreview of version 1.1 by - .it took 4.94 to be resolved
new GET request for /api/cart?email=saikumarreddy.g21@iiits.in of version 1.1 by - .it took 4.93 to be resolved
new GET request for /api/fetchreview of version 1.1 by - .it took 5.54 to be resolved
new GET request for /api/cart?email=saikumarreddy.g21@iiits.in of version 1.1 by - .it took 7.07 to be resolved
new GET request for /api/fetchreview of version 1.1 by - .it took 7.61 to be resolved
new POST request for /api/reviewsdata of version 1.1 by - .it took 3.50 to be resolved
new GET request for /api/logout of version 1.1 by - .it took 3.62 to be resolved
new GET request for /api/getuser of version 1.1 by - .it took 1.99 to be resolved
new GET request for /api/getuser of version 1.1 by - .it took 1.82 to be resolved
new GET request for /api/getuser of version 1.1 by - .it took 1.96 to be resolved
new GET request for /api/getuser of version 1.1 by - .it took 1.80 to be resolved
new GET request for /api/getuser of version 1.1 by - .it took 2.09 to be resolved
new GET request for /api/getuser of version 1.1 by - .it took 2.77 to be resolved
new POST request for /api/login of version 1.1 by - .it took 178.99 to be resolved
new GET request for /api/products of version 1.1 by - .it took 10.06 to be resolved
new GET request for /api/products of version 1.1 by - .it took 6.71 to be resolved
new GET request for /api/fetchreview of version 1.1 by - .it took 6.31 to be resolved
new GET request for /api/cart?email=gsaikumarreddy2004@gmail.com of version 1.1 by - .it took 6.20 to be resolved
new GET request for /api/fetchreview of version 1.1 by - .it took 5.41 to be resolved
new GET request for /api/cart?email=gsaikumarreddy2004@gmail.com of version 1.1 by - .it took 7.85 to be resolved
new POST request for /api/reviewsdata of version 1.1 by - .it took 5.75 to be resolved
new GET request for /api/cart?email=gsaikumarreddy2004@gmail.com of version 1.1 by - .it took 3.72 to be resolved
new GET request for /api/cart?email=gsaikumarreddy2004@gmail.com of version 1.1 by - .it took 7.80 to be resolved
new GET request for /api/products of version 1.1 by - .it took 9.68 to be resolved
new GET request for /api/products of version 1.1 by - .it took 7.71 to be resolved
new GET request for /api/products of version 1.1 by - .it took 8.31 to be resolved
new GET request for /api/products of version 1.1 by - .it took 8.95 to be resolved
new GET request for /api/fetchreview of version 1.1 by - .it took 7.44 to be resolved
new GET request for /api/products of version 1.1 by - .it took 10.64 to be resolved
new GET request for /api/fetchreview of version 1.1 by - .it took 6.01 to be resolved
new GET request for /api/products of version 1.1 by - .it took 12.30 to be resolved
new GET request for /api/products of version 1.1 by - .it took 7.35 to be resolved
new GET request for /api/products of version 1.1 by - .it took 8.02 to be resolved
new GET request for /api/logout of version 1.1 by - .it took 3.32 to be resolved
new GET request for /api/getuser of version 1.1 by - .it took 3.10 to be resolved
new GET request for /api/getuser of version 1.1 by - .it took 2.11 to be resolved
new GET request for /api/getuser of version 1.1 by - .it took 1.56 to be resolved
new GET request for /api/getuser of version 1.1 by - .it took 1.67 to be resolved
new GET request for /api/getuser of version 1.1 by - .it took 1.93 to be resolved
new GET request for /api/getuser of version 1.1 by - .it took 6.53 to be resolved
new POST request for /api/login of version 1.1 by - .it took 182.51 to be resolved
new GET request for /api/products of version 1.1 by - .it took 7.15 to be resolved
new GET request for /api/products of version 1.1 by - .it took 9.80 to be resolved
new GET request for /api/cart?email=saikumarreddy.g21@iiits.in of version 1.1 by - .it took 8.20 to be resolved
new GET request for /api/fetchreview of version 1.1 by - .it took 8.88 to be resolved
new GET request for /api/cart?email=saikumarreddy.g21@iiits.in of version 1.1 by - .it took 8.53 to be resolved
new GET request for /api/fetchreview of version 1.1 by - .it took 9.64 to be resolved
new POST request for /api/reviewsdata of version 1.1 by - .it took 4.41 to be resolved
new GET request for /api/logout of version 1.1 by - .it took 1.67 to be resolved
new GET request for /api/getuser of version 1.1 by - .it took 1.28 to be resolved
new GET request for /api/getuser of version 1.1 by - .it took 1.34 to be resolved
new GET request for /api/getuser of version 1.1 by - .it took 1.46 to be resolved
new GET request for /api/getuser of version 1.1 by - .it took 1.32 to be resolved
new GET request for /api/getuser of version 1.1 by - .it took 1.91 to be resolved
new GET request for /api/getuser of version 1.1 by - .it took 2.25 to be resolved
new POST request for /api/login of version 1.1 by - .it took 167.37 to be resolved
new GET request for /api/products of version 1.1 by - .it took 10.38 to be resolved
new GET request for /api/products of version 1.1 by - .it took 6.11 to be resolved
new GET request for /api/cart?email=gsaikumarreddy2004@gmail.com of version 1.1 by - .it took 7.14 to be resolved
new POST request for /api/addToCart of version 1.1 by - .it took 6.74 to be resolved
new GET request for /api/cart?email=gsaikumarreddy2004@gmail.com of version 1.1 by - .it took 5.10 to be resolved
new GET request for /api/cart?email=gsaikumarreddy2004@gmail.com of version 1.1 by - .it took 5.17 to be resolved
new GET request for /api/products of version 1.1 by - .it took 7.07 to be resolved
new GET request for /api/products of version 1.1 by - .it took 7.59 to be resolved
new GET request for /api/cart?email=gsaikumarreddy2004@gmail.com of version 1.1 by - .it took 5.04 to be resolved
new GET request for /api/cart?email=gsaikumarreddy2004@gmail.com of version 1.1 by - .it took 6.05 to be resolved
new PUT request for /api/updateOrderStatus of version 1.1 by - .it took 8920.11 to be resolved
new GET request for /api/products of version 1.1 by - .it took 10.50 to be resolved
new GET request for /api/products of version 1.1 by - .it took 9.88 to be resolved
new GET request for /api/cartdata of version 1.1 by - .it took 12.92 to be resolved
new GET request for /data.json of version 1.1 by - .it took 1.78 to be resolved
new GET request for /api/reviews of version 1.1 by - .it took 17.35 to be resolved
new GET request for /api/products of version 1.1 by - .it took 16.07 to be resolved
new GET request for /api/cartdata of version 1.1 by - .it took 17.52 to be resolved
new GET request for /api/getLoginStatus of version 1.1 by - .it took 4.41 to be resolved
new GET request for /api/cartdata of version 1.1 by - .it took 8.63 to be resolved
new GET request for /api/reviews of version 1.1 by - .it took 11.87 to be resolved
new GET request for /api/getLoginStatus of version 1.1 by - .it took 3.03 to be resolved
new GET request for /api/cartdata of version 1.1 by - .it took 10.19 to be resolved
new GET request for /api/home12 of version 1.1 by - .it took 7.30 to be resolved
new GET request for /data.json of version 1.1 by - .it took 2.28 to be resolved
new GET request for /api/products of version 1.1 by - .it took 10.56 to be resolved
new GET request for /api/home12 of version 1.1 by - .it took 9.77 to be resolved
new GET request for /api/cartdata of version 1.1 by - .it took 9.16 to be resolved
new GET request for /api/cartdata of version 1.1 by - .it took 8.16 to be resolved
new PUT request for /api/updateCartstatus/65d25af2da553923783acace of version 1.1 by - .it took 4107.08 to be resolved
new GET request for /api/getLoginStatus of version 1.1 by - .it took 3.07 to be resolved
new GET request for /api/getLoginStatus of version 1.1 by - .it took 2.45 to be resolved
new GET request for /api/getuser of version 1.1 by - .it took 15.29 to be resolved
new GET request for /api/getuser of version 1.1 by - .it took 10.92 to be resolved
new GET request for /api/cart?email=gsaikumarreddy2004@gmail.com of version 1.1 by - .it took 7.78 to be resolved
new GET request for /api/fetchreview of version 1.1 by - .it took 9.05 to be resolved
new GET request for /api/cart?email=gsaikumarreddy2004@gmail.com of version 1.1 by - .it took 8.36 to be resolved
new GET request for /api/fetchreview of version 1.1 by - .it took 9.09 to be resolved
new POST request for /api/reviewsdata of version 1.1 by - .it took 4.64 to be resolved
new GET request for /api/logout of version 1.1 by - .it took 1.95 to be resolved
new GET request for /api/getuser of version 1.1 by - .it took 1.91 to be resolved
new GET request for /api/getuser of version 1.1 by - .it took 2.28 to be resolved
new GET request for /api/getuser of version 1.1 by - .it took 2.18 to be resolved
new GET request for /api/getuser of version 1.1 by - .it took 1.46 to be resolved
new GET request for /api/getuser of version 1.1 by - .it took 1.58 to be resolved
new GET request for /api/getuser of version 1.1 by - .it took 1.42 to be resolved
new POST request for /api/login of version 1.1 by - .it took 5.60 to be resolved
new POST request for /api/login of version 1.1 by - .it took 173.19 to be resolved
new GET request for /api/products of version 1.1 by - .it took 8.21 to be resolved
new GET request for /api/products of version 1.1 by - .it took 4.45 to be resolved
new GET request for /api/cart?email=sampathtalada2003@gmail.com of version 1.1 by - .it took 4.28 to be resolved
new POST request for /api/addToCart of version 1.1 by - .it took 4.28 to be resolved
new GET request for /api/cart?email=sampathtalada2003@gmail.com of version 1.1 by - .it took 5.23 to be resolved
new GET request for /api/cart?email=sampathtalada2003@gmail.com of version 1.1 by - .it took 4.71 to be resolved
new GET request for /api/products of version 1.1 by - .it took 7.03 to be resolved
new GET request for /api/products of version 1.1 by - .it took 8.06 to be resolved
new GET request for /api/cart?email=sampathtalada2003@gmail.com of version 1.1 by - .it took 4.38 to be resolved
new GET request for /api/cart?email=sampathtalada2003@gmail.com of version 1.1 by - .it took 4.02 to be resolved
new PUT request for /api/updateOrderStatus of version 1.1 by - .it took 7957.60 to be resolved
new GET request for /api/products of version 1.1 by - .it took 7.15 to be resolved
new GET request for /api/products of version 1.1 by - .it took 8.63 to be resolved
new GET request for /api/cartdata of version 1.1 by - .it took 11.33 to be resolved
new GET request for /api/reviews of version 1.1 by - .it took 8.43 to be resolved
new GET request for /api/products of version 1.1 by - .it took 13.23 to be resolved
new GET request for /api/cartdata of version 1.1 by - .it took 22.48 to be resolved
new GET request for /api/cartdata of version 1.1 by - .it took 9.29 to be resolved
new GET request for /api/reviews of version 1.1 by - .it took 9.38 to be resolved
new GET request for /api/cartdata of version 1.1 by - .it took 33.56 to be resolved
new GET request for /data.json of version 1.1 by - .it took 2.79 to be resolved
new GET request for /api/home12 of version 1.1 by - .it took 8.34 to be resolved
new GET request for /api/products of version 1.1 by - .it took 11.58 to be resolved
new GET request for /data.json of version 1.1 by - .it took 3.28 to be resolved
new GET request for /api/home12 of version 1.1 by - .it took 10.27 to be resolved
new GET request for /api/cartdata of version 1.1 by - .it took 10.31 to be resolved
new GET request for /api/cartdata of version 1.1 by - .it took 7.46 to be resolved
new PUT request for /api/updateCartstatus/65d25b45da553923783acaf7 of version 1.1 by - .it took 4211.47 to be resolved
new GET request for /api/getLoginStatus of version 1.1 by - .it took 2.68 to be resolved
new GET request for /api/getLoginStatus of version 1.1 by - .it took 2.65 to be resolved
new GET request for /api/getuser of version 1.1 by - .it took 13.66 to be resolved
new GET request for /api/getuser of version 1.1 by - .it took 10.30 to be resolved
new GET request for /api/cart?email=sampathtalada2003@gmail.com of version 1.1 by - .it took 7.46 to be resolved
new GET request for /api/fetchreview of version 1.1 by - .it took 8.49 to be resolved
new GET request for /api/cart?email=sampathtalada2003@gmail.com of version 1.1 by - .it took 8.13 to be resolved
new GET request for /api/fetchreview of version 1.1 by - .it took 8.19 to be resolved
new POST request for /api/reviewsdata of version 1.1 by - .it took 5.46 to be resolved
new GET request for /api/products of version 1.1 by - .it took 8.17 to be resolved
new GET request for /api/products of version 1.1 by - .it took 7.06 to be resolved
new GET request for /api/fetchreview of version 1.1 by - .it took 5.96 to be resolved
new GET request for /api/products of version 1.1 by - .it took 9.17 to be resolved
new GET request for /api/fetchreview of version 1.1 by - .it took 6.55 to be resolved
new GET request for /api/products of version 1.1 by - .it took 14.04 to be resolved
new GET request for /api/getLoginStatus of version 1.1 by - .it took 8.03 to be resolved
new GET request for /api/getLoginStatus of version 1.1 by - .it took 2.43 to be resolved
new GET request for /api/getuser of version 1.1 by - .it took 42.20 to be resolved
new GET request for /api/products of version 1.1 by - .it took 44.40 to be resolved
new GET request for /api/fetchreview of version 1.1 by - .it took 42.39 to be resolved
new GET request for /api/getuser of version 1.1 by - .it took 24.07 to be resolved
new GET request for /api/products of version 1.1 by - .it took 14.01 to be resolved
new GET request for /api/getLoginStatus of version 1.1 by - .it took 3.71 to be resolved
new GET request for /api/getLoginStatus of version 1.1 by - .it took 3.21 to be resolved
new GET request for /api/fetchreview of version 1.1 by - .it took 23.37 to be resolved
new GET request for /api/getuser of version 1.1 by - .it took 8.68 to be resolved
new GET request for /api/getuser of version 1.1 by - .it took 7.46 to be resolved
new GET request for /api/products of version 1.1 by - .it took 6.54 to be resolved
new GET request for /api/products of version 1.1 by - .it took 7.80 to be resolved
new GET request for /api/cart?email=sampathtalada2003@gmail.com of version 1.1 by - .it took 3.58 to be resolved
new POST request for /api/addToCart of version 1.1 by - .it took 3.42 to be resolved
new GET request for /api/cart?email=sampathtalada2003@gmail.com of version 1.1 by - .it took 3.16 to be resolved
new GET request for /api/cart?email=sampathtalada2003@gmail.com of version 1.1 by - .it took 4.84 to be resolved
new GET request for /api/products of version 1.1 by - .it took 6.90 to be resolved
new GET request for /api/products of version 1.1 by - .it took 5.73 to be resolved
new GET request for /api/cart?email=sampathtalada2003@gmail.com of version 1.1 by - .it took 4.74 to be resolved
new GET request for /api/cart?email=sampathtalada2003@gmail.com of version 1.1 by - .it took 3.59 to be resolved
new PUT request for /api/updateOrderStatus of version 1.1 by - .it took 6743.05 to be resolved
new GET request for /api/products of version 1.1 by - .it took 5.40 to be resolved
new GET request for /api/products of version 1.1 by - .it took 7.06 to be resolved
new GET request for /api/cartdata of version 1.1 by - .it took 6.99 to be resolved
new GET request for /data.json of version 1.1 by - .it took 3.31 to be resolved
new GET request for /api/reviews of version 1.1 by - .it took 12.94 to be resolved
new GET request for /api/products of version 1.1 by - .it took 17.00 to be resolved
new GET request for /api/cartdata of version 1.1 by - .it took 17.58 to be resolved
new GET request for /api/getLoginStatus of version 1.1 by - .it took 4.13 to be resolved
new GET request for /api/cartdata of version 1.1 by - .it took 5.89 to be resolved
new GET request for /api/reviews of version 1.1 by - .it took 6.13 to be resolved
new GET request for /api/cartdata of version 1.1 by - .it took 5.01 to be resolved
new GET request for /api/getLoginStatus of version 1.1 by - .it took 2.97 to be resolved
new GET request for /api/home12 of version 1.1 by - .it took 5.85 to be resolved
new GET request for /data.json of version 1.1 by - .it took 1.77 to be resolved
new GET request for /api/products of version 1.1 by - .it took 10.50 to be resolved
new GET request for /api/home12 of version 1.1 by - .it took 4.22 to be resolved
new GET request for /api/cartdata of version 1.1 by - .it took 5.99 to be resolved
new GET request for /api/cartdata of version 1.1 by - .it took 6.25 to be resolved
new GET request for /api/cartdata of version 1.1 by - .it took 4.97 to be resolved
new GET request for /api/reviews of version 1.1 by - .it took 5.62 to be resolved
new GET request for /api/cartdata of version 1.1 by - .it took 5.57 to be resolved
new GET request for /api/cartdata of version 1.1 by - .it took 6.30 to be resolved
new GET request for /api/reviews of version 1.1 by - .it took 8.00 to be resolved
new GET request for /api/cartdata of version 1.1 by - .it took 5.57 to be resolved
new GET request for /data.json of version 1.1 by - .it took 4.81 to be resolved
new GET request for /api/products of version 1.1 by - .it took 14.96 to be resolved
new GET request for /api/home12 of version 1.1 by - .it took 16.18 to be resolved
new GET request for /data.json of version 1.1 by - .it took 1.48 to be resolved
new GET request for /api/products of version 1.1 by - .it took 5.18 to be resolved
new GET request for /api/home12 of version 1.1 by - .it took 7.77 to be resolved
new GET request for /api/logout of version 1.1 by - .it took 2.35 to be resolved
new GET request for /api/getuser of version 1.1 by - .it took 1.56 to be resolved
new GET request for /api/getuser of version 1.1 by - .it took 1.65 to be resolved
new GET request for /api/getuser of version 1.1 by - .it took 4.82 to be resolved
new GET request for /api/getuser of version 1.1 by - .it took 0.93 to be resolved
new GET request for /api/getuser of version 1.1 by - .it took 2.28 to be resolved
new GET request for /api/getuser of version 1.1 by - .it took 1.04 to be resolved
new POST request for /api/login of version 1.1 by - .it took 85.36 to be resolved
new GET request for /api/products of version 1.1 by - .it took 4.10 to be resolved
new GET request for /api/products of version 1.1 by - .it took 4.37 to be resolved
new GET request for /api/products of version 1.1 by - .it took 8.24 to be resolved
new GET request for /api/fetchreview of version 1.1 by - .it took 7.42 to be resolved
new GET request for /api/products of version 1.1 by - .it took 5.97 to be resolved
new GET request for /api/fetchreview of version 1.1 by - .it took 6.15 to be resolved
new GET request for /api/products of version 1.1 by - .it took 5.14 to be resolved
new GET request for /api/products of version 1.1 by - .it took 4.19 to be resolved
new GET request for /api/cart?email=saikumarreddy.g21@iiits.in of version 1.1 by - .it took 3.51 to be resolved
new POST request for /api/addToCart of version 1.1 by - .it took 2.18 to be resolved
new GET request for /api/cart?email=saikumarreddy.g21@iiits.in of version 1.1 by - .it took 4.12 to be resolved
new GET request for /api/cart?email=saikumarreddy.g21@iiits.in of version 1.1 by - .it took 4.03 to be resolved
new GET request for /api/products of version 1.1 by - .it took 4.38 to be resolved
new GET request for /api/cart?email=saikumarreddy.g21@iiits.in of version 1.1 by - .it took 9.75 to be resolved
new GET request for /api/cart?email=saikumarreddy.g21@iiits.in of version 1.1 by - .it took 7.91 to be resolved
new GET request for /api/cartdata of version 1.1 by - .it took 5.58 to be resolved
new GET request for /api/cartdata of version 1.1 by - .it took 5.92 to be resolved
new PUT request for /api/updateOrderStatus of version 1.1 by - .it took 6719.90 to be resolved
new GET request for /api/products of version 1.1 by - .it took 3.18 to be resolved
new GET request for /api/products of version 1.1 by - .it took 4.81 to be resolved
new PUT request for /api/updateCartstatus/65d25f3e53160321e02cd864 of version 1.1 by - .it took 3003.52 to be resolved
new GET request for /api/cart?email=saikumarreddy.g21@iiits.in of version 1.1 by - .it took 5.79 to be resolved
new GET request for /api/fetchreview of version 1.1 by - .it took 7.57 to be resolved
new GET request for /api/cart?email=saikumarreddy.g21@iiits.in of version 1.1 by - .it took 6.12 to be resolved
new GET request for /api/fetchreview of version 1.1 by - .it took 6.42 to be resolved
new GET request for /api/cart?email=saikumarreddy.g21@iiits.in of version 1.1 by - .it took 11.24 to be resolved
new GET request for /api/fetchreview of version 1.1 by - .it took 11.50 to be resolved
new GET request for /api/cart?email=saikumarreddy.g21@iiits.in of version 1.1 by - .it took 3.89 to be resolved
new GET request for /api/fetchreview of version 1.1 by - .it took 5.10 to be resolved
new GET request for /api/getLoginStatus of version 1.1 by - .it took 2.39 to be resolved
new GET request for /api/fetchreview of version 1.1 by - .it took 8.23 to be resolved
new GET request for /api/getLoginStatus of version 1.1 by - .it took 2.35 to be resolved
new GET request for /api/getuser of version 1.1 by - .it took 21.52 to be resolved
new GET request for /api/fetchreview of version 1.1 by - .it took 5.68 to be resolved
new GET request for /api/getuser of version 1.1 by - .it took 11.05 to be resolved
new GET request for /api/getuser of version 1.1 by - .it took 11.45 to be resolved
new GET request for /api/cart?email=saikumarreddy.g21@iiits.in of version 1.1 by - .it took 7.17 to be resolved
new GET request for /api/cart?email=saikumarreddy.g21@iiits.in of version 1.1 by - .it took 8.62 to be resolved
new GET request for /api/getuser of version 1.1 by - .it took 14.51 to be resolved
new GET request for /api/cart?email=saikumarreddy.g21@iiits.in of version 1.1 by - .it took 7.56 to be resolved
new GET request for /api/cart?email=saikumarreddy.g21@iiits.in of version 1.1 by - .it took 4.06 to be resolved
new GET request for /api/getLoginStatus of version 1.1 by - .it took 3.43 to be resolved
new GET request for /api/fetchreview of version 1.1 by - .it took 9.52 to be resolved
new GET request for /api/getLoginStatus of version 1.1 by - .it took 3.09 to be resolved
new GET request for /api/getuser of version 1.1 by - .it took 25.31 to be resolved
new GET request for /api/fetchreview of version 1.1 by - .it took 3.47 to be resolved
new GET request for /api/getuser of version 1.1 by - .it took 14.49 to be resolved
new GET request for /api/cart?email=saikumarreddy.g21@iiits.in of version 1.1 by - .it took 12.45 to be resolved
new GET request for /api/getuser of version 1.1 by - .it took 20.14 to be resolved
new GET request for /api/cart?email=saikumarreddy.g21@iiits.in of version 1.1 by - .it took 11.30 to be resolved
new GET request for /api/getuser of version 1.1 by - .it took 12.60 to be resolved
new GET request for /api/cart?email=saikumarreddy.g21@iiits.in of version 1.1 by - .it took 3.54 to be resolved
new GET request for /api/cart?email=saikumarreddy.g21@iiits.in of version 1.1 by - .it took 4.09 to be resolved
new POST request for /api/reviewsdata of version 1.1 by - .it took 5.23 to be resolved
new GET request for /api/products of version 1.1 by - .it took 4.73 to be resolved
new GET request for /api/products of version 1.1 by - .it took 5.94 to be resolved
new GET request for /api/fetchreview of version 1.1 by - .it took 6.00 to be resolved
new GET request for /api/products of version 1.1 by - .it took 10.68 to be resolved
new GET request for /api/fetchreview of version 1.1 by - .it took 5.49 to be resolved
new GET request for /api/products of version 1.1 by - .it took 12.76 to be resolved
new GET request for /api/products of version 1.1 by - .it took 4.26 to be resolved
new GET request for /api/products of version 1.1 by - .it took 3.98 to be resolved
new GET request for /api/cart?email=saikumarreddy.g21@iiits.in of version 1.1 by - .it took 9.37 to be resolved
new GET request for /api/fetchreview of version 1.1 by - .it took 11.46 to be resolved
new GET request for /api/cart?email=saikumarreddy.g21@iiits.in of version 1.1 by - .it took 6.81 to be resolved
new GET request for /api/fetchreview of version 1.1 by - .it took 7.90 to be resolved
new POST request for /api/reviewsdata of version 1.1 by - .it took 6.14 to be resolved
new GET request for /api/products of version 1.1 by - .it took 5.32 to be resolved
new GET request for /api/products of version 1.1 by - .it took 3.56 to be resolved
new GET request for /api/products of version 1.1 by - .it took 5.24 to be resolved
new GET request for /api/fetchreview of version 1.1 by - .it took 7.51 to be resolved
new GET request for /api/products of version 1.1 by - .it took 3.59 to be resolved
new GET request for /api/fetchreview of version 1.1 by - .it took 3.99 to be resolved
new GET request for /api/products of version 1.1 by - .it took 7.07 to be resolved
new GET request for /api/products of version 1.1 by - .it took 8.08 to be resolved
new GET request for /api/cart?email=saikumarreddy.g21@iiits.in of version 1.1 by - .it took 6.52 to be resolved
new GET request for /api/fetchreview of version 1.1 by - .it took 7.35 to be resolved
new GET request for /api/cart?email=saikumarreddy.g21@iiits.in of version 1.1 by - .it took 3.19 to be resolved
new GET request for /api/fetchreview of version 1.1 by - .it took 4.32 to be resolved
new GET request for /api/getLoginStatus of version 1.1 by - .it took 1.60 to be resolved
new GET request for /api/fetchreview of version 1.1 by - .it took 5.87 to be resolved
new GET request for /api/getLoginStatus of version 1.1 by - .it took 3.83 to be resolved
new GET request for /api/getuser of version 1.1 by - .it took 16.36 to be resolved
new GET request for /api/fetchreview of version 1.1 by - .it took 7.19 to be resolved
new GET request for /api/getuser of version 1.1 by - .it took 12.67 to be resolved
new GET request for /api/cart?email=saikumarreddy.g21@iiits.in of version 1.1 by - .it took 6.83 to be resolved
new GET request for /api/getuser of version 1.1 by - .it took 10.56 to be resolved
new GET request for /api/cart?email=saikumarreddy.g21@iiits.in of version 1.1 by - .it took 8.17 to be resolved
new GET request for /api/getuser of version 1.1 by - .it took 7.66 to be resolved
new GET request for /api/cart?email=saikumarreddy.g21@iiits.in of version 1.1 by - .it took 3.51 to be resolved
new GET request for /api/cart?email=saikumarreddy.g21@iiits.in of version 1.1 by - .it took 2.95 to be resolved
new GET request for /api/getLoginStatus of version 1.1 by - .it took 2.75 to be resolved
new GET request for /api/fetchreview of version 1.1 by - .it took 6.73 to be resolved
new GET request for /api/getLoginStatus of version 1.1 by - .it took 2.73 to be resolved
new GET request for /api/getuser of version 1.1 by - .it took 17.68 to be resolved
new GET request for /api/fetchreview of version 1.1 by - .it took 4.85 to be resolved
new GET request for /api/getuser of version 1.1 by - .it took 6.88 to be resolved
new GET request for /api/cart?email=saikumarreddy.g21@iiits.in of version 1.1 by - .it took 8.44 to be resolved
new GET request for /api/getuser of version 1.1 by - .it took 9.88 to be resolved
new GET request for /api/cart?email=saikumarreddy.g21@iiits.in of version 1.1 by - .it took 5.26 to be resolved
new GET request for /api/getuser of version 1.1 by - .it took 8.64 to be resolved
new GET request for /api/cart?email=saikumarreddy.g21@iiits.in of version 1.1 by - .it took 3.95 to be resolved
new GET request for /api/cart?email=saikumarreddy.g21@iiits.in of version 1.1 by - .it took 4.79 to be resolved
new POST request for /api/reviewsdata of version 1.1 by - .it took 4.61 to be resolved
new GET request for /api/products of version 1.1 by - .it took 10.11 to be resolved
new GET request for /api/products of version 1.1 by - .it took 4.61 to be resolved
new GET request for /api/products of version 1.1 by - .it took 8.87 to be resolved
new GET request for /api/fetchreview of version 1.1 by - .it took 9.01 to be resolved
new GET request for /api/products of version 1.1 by - .it took 5.97 to be resolved
new GET request for /api/fetchreview of version 1.1 by - .it took 7.79 to be resolved
new GET request for /api/getLoginStatus of version 1.1 by - .it took 12.75 to be resolved
new GET request for /api/getLoginStatus of version 1.1 by - .it took 3.37 to be resolved
new GET request for /api/getuser of version 1.1 by - .it took 68.09 to be resolved
new GET request for /api/getuser of version 1.1 by - .it took 14.29 to be resolved
new GET request for /api/products of version 1.1 by - .it took 26.36 to be resolved
new GET request for /api/products of version 1.1 by - .it took 18.62 to be resolved
new GET request for /api/fetchreview of version 1.1 by - .it took 44.75 to be resolved
new GET request for /api/fetchreview of version 1.1 by - .it took 4.73 to be resolved
new GET request for /api/getLoginStatus of version 1.1 by - .it took 5.74 to be resolved
new GET request for /api/getLoginStatus of version 1.1 by - .it took 6.18 to be resolved
new GET request for /api/getuser of version 1.1 by - .it took 37.58 to be resolved
new GET request for /api/getuser of version 1.1 by - .it took 15.16 to be resolved
new GET request for /api/getuser of version 1.1 by - .it took 15.07 to be resolved
new GET request for /api/getuser of version 1.1 by - .it took 12.40 to be resolved
new GET request for /api/products of version 1.1 by - .it took 9.83 to be resolved
new GET request for /api/fetchreview of version 1.1 by - .it took 10.56 to be resolved
new GET request for /api/products of version 1.1 by - .it took 7.06 to be resolved
new GET request for /api/fetchreview of version 1.1 by - .it took 7.47 to be resolved
new GET request for /api/products of version 1.1 by - .it took 12.42 to be resolved
new GET request for /api/fetchreview of version 1.1 by - .it took 13.59 to be resolved
new GET request for /api/fetchreview of version 1.1 by - .it took 9.65 to be resolved
new GET request for /api/products of version 1.1 by - .it took 15.36 to be resolved
new GET request for /api/products of version 1.1 by - .it took 7.17 to be resolved
new GET request for /api/fetchreview of version 1.1 by - .it took 9.08 to be resolved
new GET request for /api/products of version 1.1 by - .it took 6.67 to be resolved
new GET request for /api/fetchreview of version 1.1 by - .it took 5.14 to be resolved
new GET request for /api/products of version 1.1 by - .it took 13.78 to be resolved
new GET request for /api/fetchreview of version 1.1 by - .it took 14.19 to be resolved
new GET request for /api/fetchreview of version 1.1 by - .it took 4.89 to be resolved
new GET request for /api/products of version 1.1 by - .it took 18.74 to be resolved
new GET request for /api/fetchreview of version 1.1 by - .it took 6.61 to be resolved
new GET request for /api/products of version 1.1 by - .it took 12.78 to be resolved
new GET request for /api/products of version 1.1 by - .it took 4.80 to be resolved
new GET request for /api/fetchreview of version 1.1 by - .it took 5.29 to be resolved
new GET request for /api/products of version 1.1 by - .it took 9.65 to be resolved
new GET request for /api/fetchreview of version 1.1 by - .it took 11.75 to be resolved
new GET request for /api/products of version 1.1 by - .it took 5.32 to be resolved
new GET request for /api/fetchreview of version 1.1 by - .it took 5.89 to be resolved
new GET request for /api/fetchreview of version 1.1 by - .it took 25.21 to be resolved
new GET request for /api/cart?email=saikumarreddy.g21@iiits.in of version 1.1 by - .it took 16.19 to be resolved
new GET request for /api/fetchreview of version 1.1 by - .it took 8.77 to be resolved
new GET request for /api/cart?email=saikumarreddy.g21@iiits.in of version 1.1 by - .it took 12.33 to be resolved
new GET request for /api/products of version 1.1 by - .it took 11.77 to be resolved
new GET request for /api/fetchreview of version 1.1 by - .it took 13.34 to be resolved
new GET request for /api/products of version 1.1 by - .it took 9.01 to be resolved
new GET request for /api/fetchreview of version 1.1 by - .it took 9.49 to be resolved
new GET request for /api/products of version 1.1 by - .it took 9.45 to be resolved
new GET request for /api/fetchreview of version 1.1 by - .it took 10.86 to be resolved
new GET request for /api/getLoginStatus of version 1.1 by - .it took 5.82 to be resolved
new GET request for /api/fetchreview of version 1.1 by - .it took 13.73 to be resolved
new GET request for /api/getLoginStatus of version 1.1 by - .it took 4.30 to be resolved
new GET request for /api/getuser of version 1.1 by - .it took 45.31 to be resolved
new GET request for /api/fetchreview of version 1.1 by - .it took 7.32 to be resolved
new GET request for /api/getuser of version 1.1 by - .it took 14.68 to be resolved
new GET request for /api/products of version 1.1 by - .it took 9.94 to be resolved
new GET request for /api/products of version 1.1 by - .it took 7.03 to be resolved
new GET request for /api/getuser of version 1.1 by - .it took 15.97 to be resolved
new GET request for /api/getuser of version 1.1 by - .it took 10.48 to be resolved
new GET request for /api/products of version 1.1 by - .it took 7.23 to be resolved
new GET request for /api/products of version 1.1 by - .it took 6.41 to be resolved
new GET request for /api/products of version 1.1 by - .it took 9.90 to be resolved
new GET request for /api/fetchreview of version 1.1 by - .it took 9.89 to be resolved
new GET request for /api/products of version 1.1 by - .it took 3.99 to be resolved
new GET request for /api/fetchreview of version 1.1 by - .it took 4.66 to be resolved
new GET request for /api/products of version 1.1 by - .it took 12.12 to be resolved
new GET request for /api/fetchreview of version 1.1 by - .it took 13.09 to be resolved
new GET request for /api/products of version 1.1 by - .it took 6.88 to be resolved
new GET request for /api/fetchreview of version 1.1 by - .it took 8.57 to be resolved
new GET request for /api/products of version 1.1 by - .it took 4.47 to be resolved
new GET request for /api/fetchreview of version 1.1 by - .it took 5.30 to be resolved
new GET request for /api/products of version 1.1 by - .it took 10.75 to be resolved
new GET request for /api/fetchreview of version 1.1 by - .it took 11.99 to be resolved
new GET request for /api/products of version 1.1 by - .it took 4.33 to be resolved
new GET request for /api/fetchreview of version 1.1 by - .it took 6.44 to be resolved
new GET request for /api/products of version 1.1 by - .it took 10.42 to be resolved
new GET request for /api/fetchreview of version 1.1 by - .it took 10.22 to be resolved
new GET request for /api/products of version 1.1 by - .it took 6.30 to be resolved
new GET request for /api/fetchreview of version 1.1 by - .it took 7.85 to be resolved
new GET request for /api/products of version 1.1 by - .it took 20.46 to be resolved
new GET request for /api/fetchreview of version 1.1 by - .it took 22.38 to be resolved
new GET request for /api/products of version 1.1 by - .it took 10.09 to be resolved
new GET request for /api/fetchreview of version 1.1 by - .it took 13.51 to be resolved
new GET request for /api/products of version 1.1 by - .it took 24.16 to be resolved
new GET request for /api/fetchreview of version 1.1 by - .it took 25.42 to be resolved
new GET request for /api/products of version 1.1 by - .it took 8.06 to be resolved
new GET request for /api/fetchreview of version 1.1 by - .it took 7.71 to be resolved
new GET request for /api/products of version 1.1 by - .it took 9.27 to be resolved
new GET request for /api/fetchreview of version 1.1 by - .it took 11.77 to be resolved
new GET request for /api/products of version 1.1 by - .it took 10.27 to be resolved
new GET request for /api/getLoginStatus of version 1.1 by - .it took 4.07 to be resolved
new GET request for /api/fetchreview of version 1.1 by - .it took 15.12 to be resolved
new GET request for /api/getLoginStatus of version 1.1 by - .it took 2.36 to be resolved
new GET request for /api/products of version 1.1 by - .it took 9.18 to be resolved
new GET request for /api/fetchreview of version 1.1 by - .it took 7.02 to be resolved
new GET request for /api/products of version 1.1 by - .it took 25.78 to be resolved
new GET request for /api/fetchreview of version 1.1 by - .it took 25.70 to be resolved
new GET request for /api/products of version 1.1 by - .it took 12.20 to be resolved
new GET request for /api/fetchreview of version 1.1 by - .it took 10.88 to be resolved
new GET request for /api/products of version 1.1 by - .it took 7.32 to be resolved
new GET request for /api/fetchreview of version 1.1 by - .it took 8.96 to be resolved
new GET request for /api/products of version 1.1 by - .it took 7.03 to be resolved
new GET request for /api/fetchreview of version 1.1 by - .it took 7.51 to be resolved
new GET request for /api/products of version 1.1 by - .it took 22.91 to be resolved
new GET request for /api/fetchreview of version 1.1 by - .it took 11.94 to be resolved
new GET request for /api/products of version 1.1 by - .it took 13.06 to be resolved
new GET request for /api/fetchreview of version 1.1 by - .it took 15.82 to be resolved
new GET request for /api/getLoginStatus of version 1.1 by - .it took 3.18 to be resolved
new GET request for /api/fetchreview of version 1.1 by - .it took 12.79 to be resolved
new GET request for /api/getLoginStatus of version 1.1 by - .it took 2.80 to be resolved
new GET request for /api/getuser of version 1.1 by - .it took 31.71 to be resolved
new GET request for /api/fetchreview of version 1.1 by - .it took 10.04 to be resolved
new GET request for /api/getuser of version 1.1 by - .it took 17.67 to be resolved
new GET request for /api/products of version 1.1 by - .it took 11.36 to be resolved
new GET request for /api/products of version 1.1 by - .it took 9.58 to be resolved
new GET request for /api/getuser of version 1.1 by - .it took 20.45 to be resolved
new GET request for /api/getuser of version 1.1 by - .it took 13.93 to be resolved
new GET request for /api/products of version 1.1 by - .it took 11.17 to be resolved
new GET request for /api/products of version 1.1 by - .it took 6.45 to be resolved
new GET request for /api/products of version 1.1 by - .it took 7.33 to be resolved
new GET request for /api/fetchreview of version 1.1 by - .it took 10.66 to be resolved
new GET request for /api/products of version 1.1 by - .it took 5.93 to be resolved
new GET request for /api/fetchreview of version 1.1 by - .it took 6.68 to be resolved
new GET request for /api/products of version 1.1 by - .it took 4.26 to be resolved
new GET request for /api/fetchreview of version 1.1 by - .it took 3.72 to be resolved
new GET request for /api/products of version 1.1 by - .it took 20.43 to be resolved
new GET request for /api/fetchreview of version 1.1 by - .it took 21.43 to be resolved
new GET request for /api/products of version 1.1 by - .it took 4.34 to be resolved
new GET request for /api/fetchreview of version 1.1 by - .it took 4.71 to be resolved
new GET request for /api/getLoginStatus of version 1.1 by - .it took 2.12 to be resolved
new GET request for /api/fetchreview of version 1.1 by - .it took 17.26 to be resolved
new GET request for /api/getLoginStatus of version 1.1 by - .it took 1.97 to be resolved
new GET request for /api/getuser of version 1.1 by - .it took 26.70 to be resolved
new GET request for /api/fetchreview of version 1.1 by - .it took 3.75 to be resolved
new GET request for /api/getuser of version 1.1 by - .it took 7.76 to be resolved
new GET request for /api/products of version 1.1 by - .it took 8.59 to be resolved
new GET request for /api/getuser of version 1.1 by - .it took 12.38 to be resolved
new GET request for /api/products of version 1.1 by - .it took 7.86 to be resolved
new GET request for /api/getuser of version 1.1 by - .it took 7.65 to be resolved
new GET request for /api/products of version 1.1 by - .it took 3.65 to be resolved
new GET request for /api/products of version 1.1 by - .it took 3.16 to be resolved
new GET request for /api/products of version 1.1 by - .it took 22.39 to be resolved
new GET request for /api/fetchreview of version 1.1 by - .it took 9.15 to be resolved
new GET request for /api/products of version 1.1 by - .it took 17.05 to be resolved
new GET request for /api/fetchreview of version 1.1 by - .it took 6.36 to be resolved
new GET request for /api/products of version 1.1 by - .it took 7.98 to be resolved
new GET request for /api/fetchreview of version 1.1 by - .it took 15.24 to be resolved
new GET request for /api/products of version 1.1 by - .it took 5.10 to be resolved
new GET request for /api/fetchreview of version 1.1 by - .it took 4.44 to be resolved
new GET request for /api/products of version 1.1 by - .it took 5.15 to be resolved
new GET request for /api/fetchreview of version 1.1 by - .it took 5.54 to be resolved
new GET request for /api/products of version 1.1 by - .it took 7.78 to be resolved
new GET request for /api/fetchreview of version 1.1 by - .it took 8.83 to be resolved
new GET request for /api/products of version 1.1 by - .it took 4.56 to be resolved
new GET request for /api/fetchreview of version 1.1 by - .it took 5.52 to be resolved
new GET request for /api/getLoginStatus of version 1.1 by - .it took 3.22 to be resolved
new GET request for /api/fetchreview of version 1.1 by - .it took 7.75 to be resolved
new GET request for /api/getLoginStatus of version 1.1 by - .it took 2.92 to be resolved
new GET request for /api/getuser of version 1.1 by - .it took 22.75 to be resolved
new GET request for /api/fetchreview of version 1.1 by - .it took 16.31 to be resolved
new GET request for /api/products of version 1.1 by - .it took 9.70 to be resolved
new GET request for /api/getuser of version 1.1 by - .it took 30.44 to be resolved
new GET request for /api/getuser of version 1.1 by - .it took 14.45 to be resolved
new GET request for /api/products of version 1.1 by - .it took 9.84 to be resolved
new GET request for /api/getuser of version 1.1 by - .it took 18.51 to be resolved
new GET request for /api/products of version 1.1 by - .it took 7.56 to be resolved
new GET request for /api/products of version 1.1 by - .it took 5.39 to be resolved
new GET request for /api/products of version 1.1 by - .it took 10.27 to be resolved
new GET request for /api/fetchreview of version 1.1 by - .it took 10.82 to be resolved
new GET request for /api/getLoginStatus of version 1.1 by - .it took 2.39 to be resolved
new GET request for /api/fetchreview of version 1.1 by - .it took 6.73 to be resolved
new GET request for /api/getuser of version 1.1 by - .it took 25.97 to be resolved
new GET request for /api/getLoginStatus of version 1.1 by - .it took 2.13 to be resolved
new GET request for /api/fetchreview of version 1.1 by - .it took 4.42 to be resolved
new GET request for /api/getuser of version 1.1 by - .it took 10.86 to be resolved
new GET request for /api/products of version 1.1 by - .it took 8.64 to be resolved
new GET request for /api/getuser of version 1.1 by - .it took 8.52 to be resolved
new GET request for /api/products of version 1.1 by - .it took 6.15 to be resolved
new GET request for /api/getuser of version 1.1 by - .it took 8.73 to be resolved
new GET request for /api/products of version 1.1 by - .it took 4.31 to be resolved
new GET request for /api/products of version 1.1 by - .it took 3.46 to be resolved
new GET request for /api/getLoginStatus of version 1.1 by - .it took 2.70 to be resolved
new GET request for /api/getLoginStatus of version 1.1 by - .it took 1.66 to be resolved
new GET request for /api/fetchreview of version 1.1 by - .it took 11.57 to be resolved
new GET request for /api/getuser of version 1.1 by - .it took 17.63 to be resolved
new GET request for /api/fetchreview of version 1.1 by - .it took 6.48 to be resolved
new GET request for /api/getuser of version 1.1 by - .it took 11.18 to be resolved
new GET request for /api/getuser of version 1.1 by - .it took 8.29 to be resolved
new GET request for /api/products of version 1.1 by - .it took 9.80 to be resolved
new GET request for /api/getuser of version 1.1 by - .it took 12.36 to be resolved
new GET request for /api/products of version 1.1 by - .it took 8.30 to be resolved
new GET request for /api/products of version 1.1 by - .it took 3.44 to be resolved
new GET request for /api/products of version 1.1 by - .it took 6.12 to be resolved
new GET request for /api/getLoginStatus of version 1.1 by - .it took 2.41 to be resolved
new GET request for /api/getLoginStatus of version 1.1 by - .it took 3.14 to be resolved
new GET request for /api/fetchreview of version 1.1 by - .it took 12.62 to be resolved
new GET request for /api/getuser of version 1.1 by - .it took 21.36 to be resolved
new GET request for /api/fetchreview of version 1.1 by - .it took 8.19 to be resolved
new GET request for /api/getuser of version 1.1 by - .it took 12.13 to be resolved
new GET request for /api/products of version 1.1 by - .it took 8.80 to be resolved
new GET request for /api/getuser of version 1.1 by - .it took 17.02 to be resolved
new GET request for /api/products of version 1.1 by - .it took 8.47 to be resolved
new GET request for /api/getuser of version 1.1 by - .it took 13.24 to be resolved
new GET request for /api/products of version 1.1 by - .it took 5.23 to be resolved
new GET request for /api/products of version 1.1 by - .it took 4.97 to be resolved
new GET request for /api/getLoginStatus of version 1.1 by - .it took 12.52 to be resolved
new GET request for /api/getLoginStatus of version 1.1 by - .it took 3.87 to be resolved
new GET request for /api/products of version 1.1 by - .it took 37.02 to be resolved
new GET request for /api/getuser of version 1.1 by - .it took 78.43 to be resolved
new GET request for /api/products of version 1.1 by - .it took 21.94 to be resolved
new GET request for /api/fetchreview of version 1.1 by - .it took 78.33 to be resolved
new GET request for /api/getuser of version 1.1 by - .it took 32.43 to be resolved
new GET request for /api/fetchreview of version 1.1 by - .it took 7.10 to be resolved
new GET request for /api/products of version 1.1 by - .it took 8.62 to be resolved
new GET request for /api/fetchreview of version 1.1 by - .it took 7.76 to be resolved
new GET request for /api/products of version 1.1 by - .it took 10.40 to be resolved
new GET request for /api/fetchreview of version 1.1 by - .it took 8.68 to be resolved
new GET request for /api/products of version 1.1 by - .it took 6.25 to be resolved
new GET request for /api/fetchreview of version 1.1 by - .it took 6.48 to be resolved
new GET request for /api/products of version 1.1 by - .it took 6.05 to be resolved
new GET request for /api/fetchreview of version 1.1 by - .it took 5.86 to be resolved
new GET request for /api/products of version 1.1 by - .it took 5.49 to be resolved
new GET request for /api/fetchreview of version 1.1 by - .it took 5.83 to be resolved
new GET request for /api/getLoginStatus of version 1.1 by - .it took 2.43 to be resolved
new GET request for /api/fetchreview of version 1.1 by - .it took 7.33 to be resolved
new GET request for /api/getLoginStatus of version 1.1 by - .it took 2.75 to be resolved
new GET request for /api/getuser of version 1.1 by - .it took 34.74 to be resolved
new GET request for /api/fetchreview of version 1.1 by - .it took 23.00 to be resolved
new GET request for /api/products of version 1.1 by - .it took 8.14 to be resolved
new GET request for /api/getuser of version 1.1 by - .it took 36.80 to be resolved
new GET request for /api/getuser of version 1.1 by - .it took 13.98 to be resolved
new GET request for /api/getuser of version 1.1 by - .it took 6.11 to be resolved
new GET request for /api/products of version 1.1 by - .it took 4.24 to be resolved
new GET request for /api/products of version 1.1 by - .it took 3.64 to be resolved
new GET request for /api/products of version 1.1 by - .it took 3.81 to be resolved
new GET request for /api/products of version 1.1 by - .it took 5.53 to be resolved
new GET request for /api/fetchreview of version 1.1 by - .it took 7.38 to be resolved
new GET request for /api/getuser of version 1.1 by - .it took 12.93 to be resolved
new GET request for /api/getLoginStatus of version 1.1 by - .it took 2.11 to be resolved
new GET request for /api/getLoginStatus of version 1.1 by - .it took 2.08 to be resolved
new GET request for /api/products of version 1.1 by - .it took 11.74 to be resolved
new GET request for /api/fetchreview of version 1.1 by - .it took 13.21 to be resolved
new GET request for /api/getuser of version 1.1 by - .it took 16.56 to be resolved
new GET request for /api/fetchreview of version 1.1 by - .it took 5.32 to be resolved
new GET request for /api/products of version 1.1 by - .it took 9.07 to be resolved
new GET request for /api/products of version 1.1 by - .it took 12.57 to be resolved
new GET request for /api/fetchreview of version 1.1 by - .it took 14.14 to be resolved
new GET request for /api/getLoginStatus of version 1.1 by - .it took 17.94 to be resolved
new GET request for /api/getLoginStatus of version 1.1 by - .it took 4.57 to be resolved
new GET request for /api/getLoginStatus of version 1.1 by - .it took 5.12 to be resolved
new GET request for /api/getLoginStatus of version 1.1 by - .it took 4.05 to be resolved
new GET request for /api/getLoginStatus of version 1.1 by - .it took 4.36 to be resolved
new GET request for /api/getLoginStatus of version 1.1 by - .it took 3.94 to be resolved
new GET request for /api/getLoginStatus of version 1.1 by - .it took 3.53 to be resolved
new GET request for /api/getLoginStatus of version 1.1 by - .it took 2.09 to be resolved
new GET request for /api/getLoginStatus of version 1.1 by - .it took 2.03 to be resolved
new GET request for /api/getuser of version 1.1 by - .it took 20.05 to be resolved
new GET request for /api/getuser of version 1.1 by - .it took 8.07 to be resolved
new GET request for /api/getuser of version 1.1 by - .it took 13.98 to be resolved
new GET request for /api/getLoginStatus of version 1.1 by - .it took 4.06 to be resolved
new GET request for /api/products of version 1.1 by - .it took 26.55 to be resolved
new GET request for /api/fetchreview of version 1.1 by - .it took 26.17 to be resolved
new GET request for /api/getLoginStatus of version 1.1 by - .it took 3.50 to be resolved
new GET request for /api/getuser of version 1.1 by - .it took 40.21 to be resolved
new GET request for /api/products of version 1.1 by - .it took 20.10 to be resolved
new GET request for /api/fetchreview of version 1.1 by - .it took 20.96 to be resolved
new GET request for /api/getLoginStatus of version 1.1 by - .it took 3.39 to be resolved
new GET request for /api/getLoginStatus of version 1.1 by - .it took 3.09 to be resolved
new GET request for /api/getuser of version 1.1 by - .it took 22.77 to be resolved
new GET request for /api/products of version 1.1 by - .it took 13.66 to be resolved
new GET request for /api/getLoginStatus of version 1.1 by - .it took 1.91 to be resolved
new GET request for /api/fetchreview of version 1.1 by - .it took 14.56 to be resolved
new GET request for /api/getLoginStatus of version 1.1 by - .it took 2.08 to be resolved
new GET request for /api/products of version 1.1 by - .it took 9.80 to be resolved
new GET request for /api/getuser of version 1.1 by - .it took 21.77 to be resolved
new GET request for /api/fetchreview of version 1.1 by - .it took 12.35 to be resolved
new GET request for /api/getuser of version 1.1 by - .it took 7.45 to be resolved
new GET request for /api/getuser of version 1.1 by - .it took 6.40 to be resolved
new GET request for /api/getLoginStatus of version 1.1 by - .it took 2.48 to be resolved
new GET request for /api/getLoginStatus of version 1.1 by - .it took 2.00 to be resolved
new GET request for /api/getuser of version 1.1 by - .it took 23.52 to be resolved
new GET request for /api/getuser of version 1.1 by - .it took 7.82 to be resolved
new GET request for /api/getLoginStatus of version 1.1 by - .it took 12.17 to be resolved
new GET request for /api/products of version 1.1 by - .it took 22.72 to be resolved
new GET request for /api/fetchreview of version 1.1 by - .it took 22.35 to be resolved
new GET request for /api/getLoginStatus of version 1.1 by - .it took 2.03 to be resolved
new GET request for /api/getuser of version 1.1 by - .it took 47.37 to be resolved
new GET request for /api/products of version 1.1 by - .it took 7.20 to be resolved
new GET request for /api/fetchreview of version 1.1 by - .it took 8.16 to be resolved
new GET request for /api/getuser of version 1.1 by - .it took 11.26 to be resolved
new GET request for /api/getLoginStatus of version 1.1 by - .it took 4.48 to be resolved
new GET request for /api/getLoginStatus of version 1.1 by - .it took 4.60 to be resolved
new GET request for /api/getuser of version 1.1 by - .it took 25.46 to be resolved
new GET request for /api/getuser of version 1.1 by - .it took 18.26 to be resolved
