new GET request for /api/getLoginStatus of version 1.1 by - .it took 2.83 to be resolved
new GET request for /api/getLoginStatus of version 1.1 by - .it took 1.87 to be resolved
new GET request for /api/getuser of version 1.1 by - .it took 21.30 to be resolved
new GET request for /api/getuser of version 1.1 by - .it took 9.82 to be resolved
new GET request for /api/getuser of version 1.1 by - .it took 9.90 to be resolved
new GET request for /api/getuser of version 1.1 by - .it took 1.96 to be resolved
new GET request for /api/getuser of version 1.1 by - .it took 1.21 to be resolved
new GET request for /api/getuser of version 1.1 by - .it took 2.03 to be resolved
new GET request for /api/getLoginStatus of version 1.1 by - .it took 4.64 to be resolved
new GET request for /api/getLoginStatus of version 1.1 by - .it took 7.22 to be resolved
new GET request for /api/getLoginStatus of version 1.1 by - .it took 1.42 to be resolved
new GET request for /api/getLoginStatus of version 1.1 by - .it took 2.95 to be resolved
new GET request for /api/getuser of version 1.1 by - .it took 2.98 to be resolved
new GET request for /api/getuser of version 1.1 by - .it took 2.81 to be resolved
new GET request for /api/getLoginStatus of version 1.1 by - .it took 1.70 to be resolved
new GET request for /api/getuser of version 1.1 by - .it took 1.44 to be resolved
new GET request for /api/getLoginStatus of version 1.1 by - .it took 1.32 to be resolved
new GET request for /api/fetchreview of version 1.1 by - .it took 16.66 to be resolved
new GET request for /api/getuser of version 1.1 by - .it took 1.91 to be resolved
new GET request for /api/fetchreview of version 1.1 by - .it took 5.41 to be resolved
new GET request for /api/getuser of version 1.1 by - .it took 1.77 to be resolved
new GET request for /api/getLoginStatus of version 1.1 by - .it took 1.88 to be resolved
new GET request for /api/getuser of version 1.1 by - .it took 1.28 to be resolved
new GET request for /api/products of version 1.1 by - .it took 16.33 to be resolved
new GET request for /api/getLoginStatus of version 1.1 by - .it took 0.96 to be resolved
new GET request for /api/products of version 1.1 by - .it took 5.42 to be resolved
new GET request for /api/fetchreview of version 1.1 by - .it took 26.16 to be resolved
new GET request for /api/fetchreview of version 1.1 by - .it took 4.81 to be resolved
new GET request for /api/getuser of version 1.1 by - .it took 2.27 to be resolved
new GET request for /api/getLoginStatus of version 1.1 by - .it took 1.11 to be resolved
new GET request for /api/getuser of version 1.1 by - .it took 1.83 to be resolved
new GET request for /api/getLoginStatus of version 1.1 by - .it took 1.96 to be resolved
new GET request for /api/getuser of version 1.1 by - .it took 1.42 to be resolved
new GET request for /api/getuser of version 1.1 by - .it took 1.34 to be resolved
new GET request for /api/cartdata of version 1.1 by - .it took 9.14 to be resolved
new GET request for /api/reviews of version 1.1 by - .it took 10.28 to be resolved
new GET request for /api/cartdata of version 1.1 by - .it took 5.70 to be resolved
new GET request for /api/cartdata of version 1.1 by - .it took 5.67 to be resolved
new GET request for /api/reviews of version 1.1 by - .it took 4.88 to be resolved
new GET request for /api/cartdata of version 1.1 by - .it took 2.97 to be resolved
new GET request for /data.json of version 1.1 by - .it took 8.65 to be resolved
new GET request for /api/products of version 1.1 by - .it took 20.07 to be resolved
new GET request for /api/home12 of version 1.1 by - .it took 21.56 to be resolved
new GET request for /data.json of version 1.1 by - .it took 2.49 to be resolved
new GET request for /api/products of version 1.1 by - .it took 17.74 to be resolved
new GET request for /api/home12 of version 1.1 by - .it took 22.62 to be resolved
new GET request for /api/cartdata of version 1.1 by - .it took 4.37 to be resolved
new GET request for /api/cartdata of version 1.1 by - .it took 5.20 to be resolved
new GET request for /api/home12 of version 1.1 by - .it took 9.86 to be resolved
new GET request for /api/home12 of version 1.1 by - .it took 10.67 to be resolved
new GET request for /api/getuser of version 1.1 by - .it took 1.62 to be resolved
new GET request for /api/getuser of version 1.1 by - .it took 1.94 to be resolved
new GET request for /api/getuser of version 1.1 by - .it took 0.92 to be resolved
new GET request for /api/getuser of version 1.1 by - .it took 1.22 to be resolved
new GET request for /api/getuser of version 1.1 by - .it took 1.03 to be resolved
new GET request for /api/getuser of version 1.1 by - .it took 1.23 to be resolved
new POST request for /api/login of version 1.1 by - .it took 80.79 to be resolved
new GET request for /api/products of version 1.1 by - .it took 5.25 to be resolved
new GET request for /api/products of version 1.1 by - .it took 4.92 to be resolved
new GET request for /api/getLoginStatus of version 1.1 by - .it took 3.08 to be resolved
new GET request for /api/getLoginStatus of version 1.1 by - .it took 2.53 to be resolved
new GET request for /api/products of version 1.1 by - .it took 13.71 to be resolved
new GET request for /api/getuser of version 1.1 by - .it took 32.22 to be resolved
new GET request for /api/products of version 1.1 by - .it took 10.65 to be resolved
new GET request for /api/getuser of version 1.1 by - .it took 12.18 to be resolved
new GET request for /api/getuser of version 1.1 by - .it took 8.24 to be resolved
new GET request for /api/getuser of version 1.1 by - .it took 9.72 to be resolved
new GET request for /api/products of version 1.1 by - .it took 5.78 to be resolved
new GET request for /api/products of version 1.1 by - .it took 6.77 to be resolved
new GET request for /api/getLoginStatus of version 1.1 by - .it took 4.90 to be resolved
new GET request for /api/getLoginStatus of version 1.1 by - .it took 2.92 to be resolved
new GET request for /api/getuser of version 1.1 by - .it took 22.86 to be resolved
new GET request for /api/getuser of version 1.1 by - .it took 14.47 to be resolved
new GET request for /api/getuser of version 1.1 by - .it took 15.38 to be resolved
new GET request for /api/getuser of version 1.1 by - .it took 10.05 to be resolved
new GET request for /api/getLoginStatus of version 1.1 by - .it took 3.75 to be resolved
new GET request for /api/getLoginStatus of version 1.1 by - .it took 3.84 to be resolved
new GET request for /api/getuser of version 1.1 by - .it took 23.30 to be resolved
new GET request for /api/getuser of version 1.1 by - .it took 14.31 to be resolved
new GET request for /api/getuser of version 1.1 by - .it took 17.32 to be resolved
new GET request for /api/getuser of version 1.1 by - .it took 14.65 to be resolved
new POST request for /api/addproducts of version 1.1 by - .it took 7556.90 to be resolved
new GET request for /api/products of version 1.1 by - .it took 52.22 to be resolved
new GET request for /api/products of version 1.1 by - .it took 72.76 to be resolved
new GET request for /api/getLoginStatus of version 1.1 by - .it took 3.22 to be resolved
new GET request for /api/getLoginStatus of version 1.1 by - .it took 4.27 to be resolved
new GET request for /api/home12 of version 1.1 by - .it took 14.82 to be resolved
new GET request for /api/home12 of version 1.1 by - .it took 6.32 to be resolved
new GET request for /api/products of version 1.1 by - .it took 37.91 to be resolved
new GET request for /api/products of version 1.1 by - .it took 36.89 to be resolved
new PUT request for /api/selecteditem/65d4477389adb19ccb6be9c4 of version 1.1 by - .it took 3294.87 to be resolved
new GET request for /api/getLoginStatus of version 1.1 by - .it took 2.51 to be resolved
new GET request for /api/getLoginStatus of version 1.1 by - .it took 3.54 to be resolved
new GET request for /api/getuser of version 1.1 by - .it took 26.11 to be resolved
new GET request for /api/products of version 1.1 by - .it took 45.56 to be resolved
new GET request for /api/getuser of version 1.1 by - .it took 15.44 to be resolved
new GET request for /api/products of version 1.1 by - .it took 35.21 to be resolved
new GET request for /api/getuser of version 1.1 by - .it took 13.06 to be resolved
new GET request for /api/getuser of version 1.1 by - .it took 12.60 to be resolved
new GET request for /api/products of version 1.1 by - .it took 44.04 to be resolved
new GET request for /api/fetchreview of version 1.1 by - .it took 44.13 to be resolved
new GET request for /api/products of version 1.1 by - .it took 47.80 to be resolved
new GET request for /api/fetchreview of version 1.1 by - .it took 49.52 to be resolved
new GET request for /api/products of version 1.1 by - .it took 48.94 to be resolved
new GET request for /api/products of version 1.1 by - .it took 37.09 to be resolved
new GET request for /api/products of version 1.1 by - .it took 49.15 to be resolved
new GET request for /api/fetchreview of version 1.1 by - .it took 48.91 to be resolved
new GET request for /api/products of version 1.1 by - .it took 63.90 to be resolved
new GET request for /api/fetchreview of version 1.1 by - .it took 65.38 to be resolved
new GET request for /api/products of version 1.1 by - .it took 34.28 to be resolved
new GET request for /api/products of version 1.1 by - .it took 24.34 to be resolved
new POST request for /api/addproducts of version 1.1 by - .it took 4439.03 to be resolved
new GET request for /api/products of version 1.1 by - .it took 41.94 to be resolved
new GET request for /api/products of version 1.1 by - .it took 45.75 to be resolved
new GET request for /api/getLoginStatus of version 1.1 by - .it took 4.93 to be resolved
new GET request for /api/products of version 1.1 by - .it took 35.32 to be resolved
new GET request for /api/getLoginStatus of version 1.1 by - .it took 3.97 to be resolved
new GET request for /api/products of version 1.1 by - .it took 42.94 to be resolved
new PUT request for /api/selecteditem/65d4493989adb19ccb6be9e4 of version 1.1 by - .it took 2104.71 to be resolved
new GET request for /api/getLoginStatus of version 1.1 by - .it took 2.43 to be resolved
new GET request for /api/getLoginStatus of version 1.1 by - .it took 1.84 to be resolved
new GET request for /api/products of version 1.1 by - .it took 33.60 to be resolved
new GET request for /api/getuser of version 1.1 by - .it took 47.37 to be resolved
new GET request for /api/products of version 1.1 by - .it took 50.71 to be resolved
new GET request for /api/getuser of version 1.1 by - .it took 60.82 to be resolved
new GET request for /api/getuser of version 1.1 by - .it took 6.09 to be resolved
new GET request for /api/getuser of version 1.1 by - .it took 7.57 to be resolved
new GET request for /api/getLoginStatus of version 1.1 by - .it took 3.96 to be resolved
new GET request for /api/getLoginStatus of version 1.1 by - .it took 2.37 to be resolved
new GET request for /api/getuser of version 1.1 by - .it took 15.75 to be resolved
new GET request for /api/products of version 1.1 by - .it took 39.06 to be resolved
new GET request for /api/getuser of version 1.1 by - .it took 10.57 to be resolved
new GET request for /api/getuser of version 1.1 by - .it took 6.11 to be resolved
new GET request for /api/getuser of version 1.1 by - .it took 9.10 to be resolved
new GET request for /api/products of version 1.1 by - .it took 29.23 to be resolved
new GET request for /api/products of version 1.1 by - .it took 29.70 to be resolved
new GET request for /api/fetchreview of version 1.1 by - .it took 29.13 to be resolved
new GET request for /api/products of version 1.1 by - .it took 45.62 to be resolved
new GET request for /api/fetchreview of version 1.1 by - .it took 45.79 to be resolved
new GET request for /api/products of version 1.1 by - .it took 35.00 to be resolved
new GET request for /api/products of version 1.1 by - .it took 29.92 to be resolved
new POST request for /api/addproducts of version 1.1 by - .it took 4983.90 to be resolved
new GET request for /api/products of version 1.1 by - .it took 83.34 to be resolved
new GET request for /api/products of version 1.1 by - .it took 46.30 to be resolved
new GET request for /api/getLoginStatus of version 1.1 by - .it took 2.76 to be resolved
new GET request for /api/products of version 1.1 by - .it took 32.14 to be resolved
new GET request for /api/getLoginStatus of version 1.1 by - .it took 2.32 to be resolved
new GET request for /api/products of version 1.1 by - .it took 45.33 to be resolved
new PUT request for /api/selecteditem/65d44a5589adb19ccb6bea06 of version 1.1 by - .it took 2891.97 to be resolved
new GET request for /api/getLoginStatus of version 1.1 by - .it took 2.05 to be resolved
new GET request for /api/getLoginStatus of version 1.1 by - .it took 2.33 to be resolved
new GET request for /api/getuser of version 1.1 by - .it took 19.25 to be resolved
new GET request for /api/products of version 1.1 by - .it took 57.22 to be resolved
new GET request for /api/getuser of version 1.1 by - .it took 11.94 to be resolved
new GET request for /api/products of version 1.1 by - .it took 52.13 to be resolved
new GET request for /api/getuser of version 1.1 by - .it took 17.79 to be resolved
new GET request for /api/getuser of version 1.1 by - .it took 9.10 to be resolved
new GET request for /api/getLoginStatus of version 1.1 by - .it took 5.57 to be resolved
new GET request for /api/getLoginStatus of version 1.1 by - .it took 3.55 to be resolved
new GET request for /api/getuser of version 1.1 by - .it took 36.22 to be resolved
new GET request for /api/products of version 1.1 by - .it took 88.83 to be resolved
new GET request for /api/getuser of version 1.1 by - .it took 13.50 to be resolved
new GET request for /api/products of version 1.1 by - .it took 59.06 to be resolved
new GET request for /api/getuser of version 1.1 by - .it took 57.26 to be resolved
new GET request for /api/getuser of version 1.1 by - .it took 6.44 to be resolved
new GET request for /api/getLoginStatus of version 1.1 by - .it took 3.82 to be resolved
new GET request for /api/getLoginStatus of version 1.1 by - .it took 3.88 to be resolved
new GET request for /api/getuser of version 1.1 by - .it took 32.82 to be resolved
new GET request for /api/products of version 1.1 by - .it took 61.76 to be resolved
new GET request for /api/getuser of version 1.1 by - .it took 17.84 to be resolved
new GET request for /api/products of version 1.1 by - .it took 45.83 to be resolved
new GET request for /api/getuser of version 1.1 by - .it took 12.17 to be resolved
new GET request for /api/getuser of version 1.1 by - .it took 10.03 to be resolved
new GET request for /api/getLoginStatus of version 1.1 by - .it took 4.27 to be resolved
new GET request for /api/getLoginStatus of version 1.1 by - .it took 4.24 to be resolved
new GET request for /api/getuser of version 1.1 by - .it took 33.33 to be resolved
new GET request for /api/products of version 1.1 by - .it took 73.26 to be resolved
new GET request for /api/getuser of version 1.1 by - .it took 12.20 to be resolved
new GET request for /api/getuser of version 1.1 by - .it took 8.61 to be resolved
new GET request for /api/getuser of version 1.1 by - .it took 11.09 to be resolved
new GET request for /api/products of version 1.1 by - .it took 79.96 to be resolved
new GET request for /api/getLoginStatus of version 1.1 by - .it took 6.26 to be resolved
new GET request for /api/getLoginStatus of version 1.1 by - .it took 4.35 to be resolved
new GET request for /api/getuser of version 1.1 by - .it took 31.75 to be resolved
new GET request for /api/products of version 1.1 by - .it took 79.31 to be resolved
new GET request for /api/products of version 1.1 by - .it took 48.49 to be resolved
new GET request for /api/getuser of version 1.1 by - .it took 54.14 to be resolved
new GET request for /api/getuser of version 1.1 by - .it took 9.34 to be resolved
new GET request for /api/getuser of version 1.1 by - .it took 7.46 to be resolved
new GET request for /api/cart?email=saikumarreddy.g21@iiits.in of version 1.1 by - .it took 2.52 to be resolved
new POST request for /api/addToCart of version 1.1 by - .it took 27.19 to be resolved
new GET request for /api/cart?email=saikumarreddy.g21@iiits.in of version 1.1 by - .it took 3.40 to be resolved
new GET request for /api/cart?email=saikumarreddy.g21@iiits.in of version 1.1 by - .it took 4.10 to be resolved
new GET request for /api/products of version 1.1 by - .it took 104.99 to be resolved
new GET request for /api/products of version 1.1 by - .it took 72.28 to be resolved
new GET request for /api/products of version 1.1 by - .it took 52.83 to be resolved
new GET request for /api/products of version 1.1 by - .it took 37.11 to be resolved
new GET request for /api/products of version 1.1 by - .it took 57.53 to be resolved
new GET request for /api/fetchreview of version 1.1 by - .it took 56.40 to be resolved
new GET request for /api/products of version 1.1 by - .it took 67.59 to be resolved
new GET request for /api/fetchreview of version 1.1 by - .it took 65.59 to be resolved
new GET request for /api/cart?email=saikumarreddy.g21@iiits.in of version 1.1 by - .it took 7.70 to be resolved
new GET request for /api/fetchreview of version 1.1 by - .it took 6.86 to be resolved
new GET request for /api/cart?email=saikumarreddy.g21@iiits.in of version 1.1 by - .it took 7.37 to be resolved
new GET request for /api/fetchreview of version 1.1 by - .it took 7.43 to be resolved
new GET request for /api/products of version 1.1 by - .it took 80.89 to be resolved
new GET request for /api/products of version 1.1 by - .it took 77.11 to be resolved
new GET request for /api/products of version 1.1 by - .it took 86.22 to be resolved
new GET request for /api/products of version 1.1 by - .it took 41.50 to be resolved
new POST request for /api/addproducts of version 1.1 by - .it took 8135.03 to be resolved
new GET request for /api/products of version 1.1 by - .it took 130.47 to be resolved
new GET request for /api/products of version 1.1 by - .it took 108.29 to be resolved
new GET request for /api/getLoginStatus of version 1.1 by - .it took 6.90 to be resolved
new GET request for /api/getLoginStatus of version 1.1 by - .it took 4.65 to be resolved
new GET request for /api/products of version 1.1 by - .it took 143.22 to be resolved
new GET request for /api/products of version 1.1 by - .it took 103.32 to be resolved
new PUT request for /api/selecteditem/65d44d9589adb19ccb6bea55 of version 1.1 by - .it took 4163.25 to be resolved
new GET request for /api/getLoginStatus of version 1.1 by - .it took 4.02 to be resolved
new GET request for /api/getLoginStatus of version 1.1 by - .it took 4.32 to be resolved
new GET request for /api/getuser of version 1.1 by - .it took 57.51 to be resolved
new GET request for /api/products of version 1.1 by - .it took 145.38 to be resolved
new GET request for /api/getuser of version 1.1 by - .it took 28.84 to be resolved
new GET request for /api/products of version 1.1 by - .it took 84.27 to be resolved
new GET request for /api/getuser of version 1.1 by - .it took 78.45 to be resolved
new GET request for /api/getuser of version 1.1 by - .it took 21.05 to be resolved
new GET request for /api/getLoginStatus of version 1.1 by - .it took 5.07 to be resolved
new GET request for /api/getLoginStatus of version 1.1 by - .it took 4.11 to be resolved
new GET request for /api/getuser of version 1.1 by - .it took 38.75 to be resolved
new GET request for /api/products of version 1.1 by - .it took 152.82 to be resolved
new GET request for /api/getuser of version 1.1 by - .it took 145.80 to be resolved
new GET request for /api/getuser of version 1.1 by - .it took 19.05 to be resolved
new GET request for /api/products of version 1.1 by - .it took 96.65 to be resolved
new GET request for /api/getuser of version 1.1 by - .it took 106.65 to be resolved
new GET request for /api/getLoginStatus of version 1.1 by - .it took 6.84 to be resolved
new GET request for /api/getLoginStatus of version 1.1 by - .it took 2.07 to be resolved
new GET request for /api/getuser of version 1.1 by - .it took 47.59 to be resolved
new GET request for /api/getLoginStatus of version 1.1 by - .it took 3.76 to be resolved
new GET request for /api/getLoginStatus of version 1.1 by - .it took 3.61 to be resolved
new GET request for /api/products of version 1.1 by - .it took 112.39 to be resolved
new GET request for /api/getuser of version 1.1 by - .it took 90.74 to be resolved
new GET request for /api/products of version 1.1 by - .it took 67.65 to be resolved
new GET request for /api/getuser of version 1.1 by - .it took 80.17 to be resolved
new GET request for /api/getuser of version 1.1 by - .it took 19.79 to be resolved
new GET request for /api/getuser of version 1.1 by - .it took 10.05 to be resolved
new GET request for /api/getuser of version 1.1 by - .it took 11.21 to be resolved
new GET request for /api/products of version 1.1 by - .it took 35.68 to be resolved
new GET request for /api/products of version 1.1 by - .it took 66.56 to be resolved
new GET request for /api/getLoginStatus of version 1.1 by - .it took 4.77 to be resolved
new GET request for /api/products of version 1.1 by - .it took 86.58 to be resolved
new GET request for /api/getLoginStatus of version 1.1 by - .it took 3.63 to be resolved
new GET request for /api/products of version 1.1 by - .it took 105.34 to be resolved
new POST request for /api/addproducts of version 1.1 by - .it took 4537.62 to be resolved
new GET request for /api/products of version 1.1 by - .it took 87.44 to be resolved
new GET request for /api/products of version 1.1 by - .it took 77.35 to be resolved
new GET request for /api/getLoginStatus of version 1.1 by - .it took 3.47 to be resolved
new GET request for /api/products of version 1.1 by - .it took 71.81 to be resolved
new GET request for /api/getLoginStatus of version 1.1 by - .it took 3.13 to be resolved
new GET request for /api/products of version 1.1 by - .it took 66.30 to be resolved
new PUT request for /api/selecteditem/65d45a9adec3ddd132b5e2f7 of version 1.1 by - .it took 2764.97 to be resolved
new GET request for /api/getLoginStatus of version 1.1 by - .it took 3.77 to be resolved
new GET request for /api/getLoginStatus of version 1.1 by - .it took 1.98 to be resolved
new GET request for /api/products of version 1.1 by - .it took 81.53 to be resolved
new GET request for /api/getuser of version 1.1 by - .it took 101.14 to be resolved
new GET request for /api/getuser of version 1.1 by - .it took 11.36 to be resolved
new GET request for /api/products of version 1.1 by - .it took 63.14 to be resolved
new GET request for /api/getuser of version 1.1 by - .it took 12.85 to be resolved
new GET request for /api/getuser of version 1.1 by - .it took 10.04 to be resolved
new GET request for /api/getLoginStatus of version 1.1 by - .it took 2.32 to be resolved
new GET request for /api/getLoginStatus of version 1.1 by - .it took 2.79 to be resolved
new GET request for /api/getuser of version 1.1 by - .it took 19.24 to be resolved
new GET request for /api/products of version 1.1 by - .it took 87.04 to be resolved
new GET request for /api/getuser of version 1.1 by - .it took 11.93 to be resolved
new GET request for /api/getuser of version 1.1 by - .it took 8.86 to be resolved
new GET request for /api/getuser of version 1.1 by - .it took 8.10 to be resolved
new GET request for /api/products of version 1.1 by - .it took 81.08 to be resolved
new POST request for /api/addproducts of version 1.1 by - .it took 3994.76 to be resolved
new GET request for /api/products of version 1.1 by - .it took 78.20 to be resolved
new GET request for /api/products of version 1.1 by - .it took 74.22 to be resolved
new GET request for /api/getLoginStatus of version 1.1 by - .it took 7.50 to be resolved
new GET request for /api/getLoginStatus of version 1.1 by - .it took 2.49 to be resolved
new GET request for /api/products of version 1.1 by - .it took 94.08 to be resolved
new GET request for /api/products of version 1.1 by - .it took 76.84 to be resolved
new PUT request for /api/selecteditem/65d45c31dec3ddd132b5e313 of version 1.1 by - .it took 2581.98 to be resolved
new GET request for /api/getLoginStatus of version 1.1 by - .it took 2.02 to be resolved
new GET request for /api/getLoginStatus of version 1.1 by - .it took 1.83 to be resolved
new GET request for /api/getuser of version 1.1 by - .it took 23.64 to be resolved
new GET request for /api/products of version 1.1 by - .it took 102.74 to be resolved
new GET request for /api/getuser of version 1.1 by - .it took 16.13 to be resolved
new GET request for /api/products of version 1.1 by - .it took 85.91 to be resolved
new GET request for /api/getuser of version 1.1 by - .it took 85.17 to be resolved
new GET request for /api/getuser of version 1.1 by - .it took 8.85 to be resolved
new GET request for /api/getLoginStatus of version 1.1 by - .it took 4.69 to be resolved
new GET request for /api/getLoginStatus of version 1.1 by - .it took 3.62 to be resolved
new GET request for /api/getuser of version 1.1 by - .it took 37.63 to be resolved
new GET request for /api/products of version 1.1 by - .it took 195.15 to be resolved
new GET request for /api/getuser of version 1.1 by - .it took 17.04 to be resolved
new GET request for /api/getuser of version 1.1 by - .it took 17.59 to be resolved
new GET request for /api/products of version 1.1 by - .it took 126.18 to be resolved
new GET request for /api/getuser of version 1.1 by - .it took 11.47 to be resolved
new GET request for /api/getLoginStatus of version 1.1 by - .it took 2.83 to be resolved
new GET request for /api/getLoginStatus of version 1.1 by - .it took 2.33 to be resolved
new GET request for /api/products of version 1.1 by - .it took 86.34 to be resolved
new GET request for /api/products of version 1.1 by - .it took 83.93 to be resolved
new POST request for /api/addproducts of version 1.1 by - .it took 5599.97 to be resolved
new GET request for /api/products of version 1.1 by - .it took 81.62 to be resolved
new GET request for /api/products of version 1.1 by - .it took 89.98 to be resolved
new GET request for /api/getLoginStatus of version 1.1 by - .it took 7.01 to be resolved
new GET request for /api/getLoginStatus of version 1.1 by - .it took 2.74 to be resolved
new GET request for /api/products of version 1.1 by - .it took 184.59 to be resolved
new GET request for /api/products of version 1.1 by - .it took 135.50 to be resolved
new PUT request for /api/selecteditem/65d45d07dec3ddd132b5e331 of version 1.1 by - .it took 2761.40 to be resolved
new GET request for /api/getLoginStatus of version 1.1 by - .it took 4.33 to be resolved
new GET request for /api/getLoginStatus of version 1.1 by - .it took 2.70 to be resolved
new GET request for /api/getuser of version 1.1 by - .it took 49.11 to be resolved
new GET request for /api/getuser of version 1.1 by - .it took 13.50 to be resolved
new GET request for /api/getuser of version 1.1 by - .it took 12.57 to be resolved
new GET request for /api/getuser of version 1.1 by - .it took 10.68 to be resolved
new GET request for /api/getLoginStatus of version 1.1 by - .it took 2.40 to be resolved
new GET request for /api/getLoginStatus of version 1.1 by - .it took 2.03 to be resolved
new GET request for /api/getuser of version 1.1 by - .it took 15.59 to be resolved
new GET request for /api/getuser of version 1.1 by - .it took 11.12 to be resolved
new GET request for /api/getuser of version 1.1 by - .it took 9.53 to be resolved
new GET request for /api/getuser of version 1.1 by - .it took 10.92 to be resolved
new GET request for /api/getLoginStatus of version 1.1 by - .it took 2.27 to be resolved
new GET request for /api/getLoginStatus of version 1.1 by - .it took 2.60 to be resolved
new GET request for /api/products of version 1.1 by - .it took 127.32 to be resolved
new GET request for /api/products of version 1.1 by - .it took 85.93 to be resolved
new GET request for /api/getLoginStatus of version 1.1 by - .it took 4.79 to be resolved
new GET request for /api/products of version 1.1 by - .it took 132.19 to be resolved
new GET request for /api/getLoginStatus of version 1.1 by - .it took 2.74 to be resolved
new GET request for /api/products of version 1.1 by - .it took 132.17 to be resolved
new GET request for /api/getLoginStatus of version 1.1 by - .it took 4.60 to be resolved
new GET request for /api/getLoginStatus of version 1.1 by - .it took 2.14 to be resolved
new GET request for /api/getuser of version 1.1 by - .it took 22.82 to be resolved
new GET request for /api/getuser of version 1.1 by - .it took 9.28 to be resolved
new GET request for /api/getuser of version 1.1 by - .it took 9.06 to be resolved
new GET request for /api/getuser of version 1.1 by - .it took 7.28 to be resolved
new GET request for /api/getLoginStatus of version 1.1 by - .it took 2.35 to be resolved
new GET request for /api/getLoginStatus of version 1.1 by - .it took 3.03 to be resolved
new GET request for /api/getuser of version 1.1 by - .it took 14.91 to be resolved
new GET request for /api/getuser of version 1.1 by - .it took 7.14 to be resolved
new GET request for /api/getuser of version 1.1 by - .it took 8.24 to be resolved
new GET request for /api/getuser of version 1.1 by - .it took 8.09 to be resolved
new GET request for /api/products of version 1.1 by - .it took 192.49 to be resolved
new GET request for /api/products of version 1.1 by - .it took 170.82 to be resolved
new GET request for /api/getLoginStatus of version 1.1 by - .it took 2.77 to be resolved
new GET request for /api/getLoginStatus of version 1.1 by - .it took 2.57 to be resolved
new GET request for /api/products of version 1.1 by - .it took 181.38 to be resolved
new GET request for /api/getuser of version 1.1 by - .it took 205.64 to be resolved
new GET request for /api/getuser of version 1.1 by - .it took 39.20 to be resolved
new GET request for /api/getuser of version 1.1 by - .it took 9.82 to be resolved
new GET request for /api/getuser of version 1.1 by - .it took 8.26 to be resolved
new GET request for /api/products of version 1.1 by - .it took 149.23 to be resolved
new GET request for /api/getLoginStatus of version 1.1 by - .it took 13.34 to be resolved
new GET request for /api/getLoginStatus of version 1.1 by - .it took 4.00 to be resolved
new GET request for /api/products of version 1.1 by - .it took 194.61 to be resolved
new GET request for /api/products of version 1.1 by - .it took 153.84 to be resolved
new GET request for /data.json of version 1.1 by - .it took 5.16 to be resolved
new GET request for /api/cartdata of version 1.1 by - .it took 23.38 to be resolved
new GET request for /api/reviews of version 1.1 by - .it took 19.27 to be resolved
new GET request for /api/cartdata of version 1.1 by - .it took 3.55 to be resolved
new GET request for /api/products of version 1.1 by - .it took 161.16 to be resolved
new GET request for /api/cartdata of version 1.1 by - .it took 5.03 to be resolved
new GET request for /api/reviews of version 1.1 by - .it took 6.69 to be resolved
new GET request for /api/cartdata of version 1.1 by - .it took 2.59 to be resolved
new GET request for /api/home12 of version 1.1 by - .it took 7.69 to be resolved
new GET request for /data.json of version 1.1 by - .it took 2.76 to be resolved
new GET request for /api/products of version 1.1 by - .it took 294.46 to be resolved
new GET request for /api/home12 of version 1.1 by - .it took 4.41 to be resolved
new GET request for /api/products of version 1.1 by - .it took 183.41 to be resolved
new GET request for /api/products of version 1.1 by - .it took 110.80 to be resolved
new POST request for /api/addproducts of version 1.1 by - .it took 4475.86 to be resolved
new GET request for /api/products of version 1.1 by - .it took 207.80 to be resolved
new GET request for /api/products of version 1.1 by - .it took 214.61 to be resolved
new GET request for /api/getLoginStatus of version 1.1 by - .it took 2.32 to be resolved
new GET request for /api/getLoginStatus of version 1.1 by - .it took 2.97 to be resolved
new GET request for /api/getuser of version 1.1 by - .it took 31.38 to be resolved
new GET request for /api/products of version 1.1 by - .it took 174.81 to be resolved
new GET request for /api/getuser of version 1.1 by - .it took 13.77 to be resolved
new GET request for /api/products of version 1.1 by - .it took 144.42 to be resolved
new GET request for /api/getuser of version 1.1 by - .it took 17.42 to be resolved
new GET request for /api/getuser of version 1.1 by - .it took 11.88 to be resolved
new GET request for /api/getLoginStatus of version 1.1 by - .it took 4.73 to be resolved
new GET request for /api/products of version 1.1 by - .it took 203.55 to be resolved
new GET request for /api/getLoginStatus of version 1.1 by - .it took 3.56 to be resolved
new GET request for /api/products of version 1.1 by - .it took 155.01 to be resolved
new PUT request for /api/selecteditem/65d45fffdec3ddd132b5e377 of version 1.1 by - .it took 2099.46 to be resolved
new GET request for /api/getLoginStatus of version 1.1 by - .it took 3.88 to be resolved
new GET request for /api/getLoginStatus of version 1.1 by - .it took 3.74 to be resolved
new GET request for /api/getuser of version 1.1 by - .it took 46.03 to be resolved
new GET request for /api/products of version 1.1 by - .it took 226.78 to be resolved
new GET request for /api/getuser of version 1.1 by - .it took 13.86 to be resolved
new GET request for /api/products of version 1.1 by - .it took 154.51 to be resolved
new GET request for /api/getuser of version 1.1 by - .it took 10.74 to be resolved
new GET request for /api/getuser of version 1.1 by - .it took 7.51 to be resolved
new GET request for /api/cart?email=saikumarreddy.g21@iiits.in of version 1.1 by - .it took 5.94 to be resolved
new POST request for /api/addToCart of version 1.1 by - .it took 4.63 to be resolved
new GET request for /api/cart?email=saikumarreddy.g21@iiits.in of version 1.1 by - .it took 4.96 to be resolved
new GET request for /api/cart?email=saikumarreddy.g21@iiits.in of version 1.1 by - .it took 5.57 to be resolved
new POST request for /api/addToCart of version 1.1 by - .it took 4.80 to be resolved
new GET request for /api/cart?email=saikumarreddy.g21@iiits.in of version 1.1 by - .it took 4.46 to be resolved
new POST request for /api/addToCart of version 1.1 by - .it took 4.41 to be resolved
new GET request for /api/cart?email=saikumarreddy.g21@iiits.in of version 1.1 by - .it took 4.91 to be resolved
new POST request for /api/addToCart of version 1.1 by - .it took 4.66 to be resolved
new GET request for /api/cart?email=saikumarreddy.g21@iiits.in of version 1.1 by - .it took 5.96 to be resolved
new GET request for /api/cart?email=saikumarreddy.g21@iiits.in of version 1.1 by - .it took 5.17 to be resolved
new GET request for /api/products of version 1.1 by - .it took 227.96 to be resolved
new GET request for /api/products of version 1.1 by - .it took 160.96 to be resolved
new PUT request for /api/updateCartItem/65d4493989adb19ccb6be9e4 of version 1.1 by - .it took 6.55 to be resolved
new PUT request for /api/updateCartItem/65d4493989adb19ccb6be9e4 of version 1.1 by - .it took 5.23 to be resolved
new PUT request for /api/updateCartItem/65d4477389adb19ccb6be9c4 of version 1.1 by - .it took 5.37 to be resolved
new PUT request for /api/updateCartItem/65d45d07dec3ddd132b5e331 of version 1.1 by - .it took 5.59 to be resolved
new PUT request for /api/updateCartItem/65d45c31dec3ddd132b5e313 of version 1.1 by - .it took 8.00 to be resolved
new GET request for /api/cart?email=saikumarreddy.g21@iiits.in of version 1.1 by - .it took 3.92 to be resolved
new GET request for /api/cart?email=saikumarreddy.g21@iiits.in of version 1.1 by - .it took 2.96 to be resolved
new PUT request for /api/updateOrderStatus of version 1.1 by - .it took 4401.14 to be resolved
new PUT request for /api/updateOrderStatus of version 1.1 by - .it took 4759.53 to be resolved
new PUT request for /api/updateOrderStatus of version 1.1 by - .it took 5038.36 to be resolved
new PUT request for /api/updateOrderStatus of version 1.1 by - .it took 5429.25 to be resolved
new PUT request for /api/updateOrderStatus of version 1.1 by - .it took 5839.80 to be resolved
new GET request for /api/products of version 1.1 by - .it took 218.89 to be resolved
new GET request for /api/products of version 1.1 by - .it took 190.29 to be resolved
new GET request for /api/cartdata of version 1.1 by - .it took 6.30 to be resolved
new GET request for /api/reviews of version 1.1 by - .it took 6.39 to be resolved
new GET request for /api/cartdata of version 1.1 by - .it took 3.22 to be resolved
new GET request for /api/products of version 1.1 by - .it took 154.01 to be resolved
new GET request for /api/cartdata of version 1.1 by - .it took 14.34 to be resolved
new GET request for /api/reviews of version 1.1 by - .it took 7.46 to be resolved
new GET request for /api/cartdata of version 1.1 by - .it took 3.96 to be resolved
new GET request for /data.json of version 1.1 by - .it took 4.28 to be resolved
new GET request for /api/home12 of version 1.1 by - .it took 7.64 to be resolved
new GET request for /api/products of version 1.1 by - .it took 179.54 to be resolved
new GET request for /data.json of version 1.1 by - .it took 4.31 to be resolved
new GET request for /api/home12 of version 1.1 by - .it took 13.33 to be resolved
new GET request for /api/cartdata of version 1.1 by - .it took 4.99 to be resolved
new GET request for /api/reviews of version 1.1 by - .it took 4.56 to be resolved
new GET request for /api/cartdata of version 1.1 by - .it took 6.77 to be resolved
new GET request for /api/products of version 1.1 by - .it took 147.13 to be resolved
new GET request for /api/getLoginStatus of version 1.1 by - .it took 7.91 to be resolved
new GET request for /data.json of version 1.1 by - .it took 1.74 to be resolved
new GET request for /api/getLoginStatus of version 1.1 by - .it took 4.76 to be resolved
new GET request for /api/cartdata of version 1.1 by - .it took 20.40 to be resolved
new GET request for /api/reviews of version 1.1 by - .it took 21.01 to be resolved
new GET request for /api/cartdata of version 1.1 by - .it took 4.32 to be resolved
new GET request for /data.json of version 1.1 by - .it took 1.79 to be resolved
new GET request for /api/home12 of version 1.1 by - .it took 8.83 to be resolved
new GET request for /api/products of version 1.1 by - .it took 170.98 to be resolved
new GET request for /api/home12 of version 1.1 by - .it took 8.42 to be resolved
new GET request for /api/cartdata of version 1.1 by - .it took 2.13 to be resolved
new GET request for /api/cartdata of version 1.1 by - .it took 2.48 to be resolved
new PUT request for /api/updateCartstatus/65d44bd189adb19ccb6bea41 of version 1.1 by - .it took 2324.89 to be resolved
new PUT request for /api/updateCartstatus/65d46053dec3ddd132b5e394 of version 1.1 by - .it took 1957.29 to be resolved
new PUT request for /api/updateCartstatus/65d46055dec3ddd132b5e398 of version 1.1 by - .it took 2033.42 to be resolved
new PUT request for /api/updateCartstatus/65d46058dec3ddd132b5e39b of version 1.1 by - .it took 2861.70 to be resolved
new PUT request for /api/updateCartstatus/65d46059dec3ddd132b5e39e of version 1.1 by - .it took 2760.41 to be resolved
new GET request for /api/cartdata of version 1.1 by - .it took 5.35 to be resolved
new GET request for /api/reviews of version 1.1 by - .it took 6.18 to be resolved
new GET request for /api/cartdata of version 1.1 by - .it took 4.43 to be resolved
new GET request for /api/cartdata of version 1.1 by - .it took 4.22 to be resolved
new GET request for /api/reviews of version 1.1 by - .it took 4.54 to be resolved
new GET request for /api/cartdata of version 1.1 by - .it took 3.95 to be resolved
new GET request for /data.json of version 1.1 by - .it took 1.80 to be resolved
new GET request for /api/home12 of version 1.1 by - .it took 14.77 to be resolved
new GET request for /api/products of version 1.1 by - .it took 197.97 to be resolved
new GET request for /data.json of version 1.1 by - .it took 1.64 to be resolved
new GET request for /api/home12 of version 1.1 by - .it took 6.92 to be resolved
new GET request for /api/products of version 1.1 by - .it took 169.26 to be resolved
new GET request for /api/cart?email=saikumarreddy.g21@iiits.in of version 1.1 by - .it took 4.83 to be resolved
new POST request for /api/addToCart of version 1.1 by - .it took 15.44 to be resolved
new GET request for /api/cart?email=saikumarreddy.g21@iiits.in of version 1.1 by - .it took 5.74 to be resolved
new GET request for /api/cart?email=saikumarreddy.g21@iiits.in of version 1.1 by - .it took 4.14 to be resolved
new GET request for /api/products of version 1.1 by - .it took 210.68 to be resolved
new GET request for /api/products of version 1.1 by - .it took 183.83 to be resolved
new PUT request for /api/updateCartItem/65d45fffdec3ddd132b5e377 of version 1.1 by - .it took 8.68 to be resolved
new PUT request for /api/updateCartItem/65d45fffdec3ddd132b5e377 of version 1.1 by - .it took 6.27 to be resolved
new PUT request for /api/updateCartItem/65d45fffdec3ddd132b5e377 of version 1.1 by - .it took 4.38 to be resolved
new GET request for /api/cart?email=saikumarreddy.g21@iiits.in of version 1.1 by - .it took 3.25 to be resolved
new GET request for /api/cart?email=saikumarreddy.g21@iiits.in of version 1.1 by - .it took 6.07 to be resolved
new PUT request for /api/updateOrderStatus of version 1.1 by - .it took 4781.96 to be resolved
new GET request for /api/products of version 1.1 by - .it took 183.81 to be resolved
new GET request for /api/products of version 1.1 by - .it took 198.13 to be resolved
new GET request for /api/cartdata of version 1.1 by - .it took 8.47 to be resolved
new GET request for /api/reviews of version 1.1 by - .it took 15.36 to be resolved
new GET request for /data.json of version 1.1 by - .it took 4.09 to be resolved
new GET request for /api/cartdata of version 1.1 by - .it took 8.30 to be resolved
new GET request for /api/products of version 1.1 by - .it took 186.61 to be resolved
new GET request for /api/getLoginStatus of version 1.1 by - .it took 5.07 to be resolved
new GET request for /api/getLoginStatus of version 1.1 by - .it took 3.49 to be resolved
new GET request for /api/cartdata of version 1.1 by - .it took 13.66 to be resolved
new GET request for /api/reviews of version 1.1 by - .it took 13.21 to be resolved
new GET request for /api/cartdata of version 1.1 by - .it took 4.70 to be resolved
new GET request for /api/home12 of version 1.1 by - .it took 5.65 to be resolved
new GET request for /data.json of version 1.1 by - .it took 1.11 to be resolved
new GET request for /api/products of version 1.1 by - .it took 145.04 to be resolved
new GET request for /api/home12 of version 1.1 by - .it took 6.85 to be resolved
new GET request for /api/cartdata of version 1.1 by - .it took 5.82 to be resolved
new GET request for /api/reviews of version 1.1 by - .it took 5.86 to be resolved
new GET request for /api/cartdata of version 1.1 by - .it took 4.74 to be resolved
new GET request for /api/products of version 1.1 by - .it took 110.97 to be resolved
new GET request for /api/getLoginStatus of version 1.1 by - .it took 5.75 to be resolved
new GET request for /api/getLoginStatus of version 1.1 by - .it took 3.82 to be resolved
new GET request for /api/cartdata of version 1.1 by - .it took 9.17 to be resolved
new GET request for /api/reviews of version 1.1 by - .it took 8.66 to be resolved
new GET request for /api/cartdata of version 1.1 by - .it took 1.92 to be resolved
new GET request for /data.json of version 1.1 by - .it took 2.24 to be resolved
new GET request for /api/home12 of version 1.1 by - .it took 5.55 to be resolved
new GET request for /api/products of version 1.1 by - .it took 116.37 to be resolved
new GET request for /data.json of version 1.1 by - .it took 1.27 to be resolved
new GET request for /api/home12 of version 1.1 by - .it took 3.24 to be resolved
new GET request for /api/cartdata of version 1.1 by - .it took 5.69 to be resolved
new GET request for /api/cartdata of version 1.1 by - .it took 5.71 to be resolved
new PUT request for /api/updateCartstatus/65d460b8dec3ddd132b5e3dd of version 1.1 by - .it took 3092.66 to be resolved
new GET request for /api/cartdata of version 1.1 by - .it took 7.50 to be resolved
new GET request for /api/reviews of version 1.1 by - .it took 7.41 to be resolved
new GET request for /data.json of version 1.1 by - .it took 2.58 to be resolved
new GET request for /api/cartdata of version 1.1 by - .it took 5.45 to be resolved
new GET request for /api/products of version 1.1 by - .it took 202.02 to be resolved
new GET request for /api/reviews of version 1.1 by - .it took 7.00 to be resolved
new GET request for /api/cartdata of version 1.1 by - .it took 8.21 to be resolved
new GET request for /api/cartdata of version 1.1 by - .it took 4.48 to be resolved
new GET request for /api/home12 of version 1.1 by - .it took 7.01 to be resolved
new GET request for /data.json of version 1.1 by - .it took 2.99 to be resolved
new GET request for /api/products of version 1.1 by - .it took 186.41 to be resolved
new GET request for /api/home12 of version 1.1 by - .it took 5.60 to be resolved
new GET request for /api/fetchreview of version 1.1 by - .it took 6.92 to be resolved
new GET request for /api/products of version 1.1 by - .it took 201.27 to be resolved
new GET request for /api/fetchreview of version 1.1 by - .it took 191.55 to be resolved
new GET request for /api/products of version 1.1 by - .it took 149.98 to be resolved
new GET request for /api/cart?email=saikumarreddy.g21@iiits.in of version 1.1 by - .it took 6.27 to be resolved
new GET request for /api/fetchreview of version 1.1 by - .it took 7.02 to be resolved
new GET request for /api/cart?email=saikumarreddy.g21@iiits.in of version 1.1 by - .it took 4.65 to be resolved
new GET request for /api/fetchreview of version 1.1 by - .it took 5.13 to be resolved
new POST request for /api/reviewsdata of version 1.1 by - .it took 74.72 to be resolved
new POST request for /api/reviewsdata of version 1.1 by - .it took 7.28 to be resolved
new GET request for /api/fetchreview of version 1.1 by - .it took 6.25 to be resolved
new GET request for /api/fetchreview of version 1.1 by - .it took 5.53 to be resolved
new GET request for /api/products of version 1.1 by - .it took 199.24 to be resolved
new GET request for /api/products of version 1.1 by - .it took 143.73 to be resolved
new GET request for /api/cart?email=saikumarreddy.g21@iiits.in of version 1.1 by - .it took 14.78 to be resolved
new GET request for /api/cart?email=saikumarreddy.g21@iiits.in of version 1.1 by - .it took 3.69 to be resolved
new GET request for /api/products of version 1.1 by - .it took 202.13 to be resolved
new GET request for /api/products of version 1.1 by - .it took 123.55 to be resolved
new GET request for /api/products of version 1.1 by - .it took 125.76 to be resolved
new GET request for /api/products of version 1.1 by - .it took 86.55 to be resolved
new GET request for /api/cart?email=saikumarreddy.g21@iiits.in of version 1.1 by - .it took 8.46 to be resolved
new POST request for /api/addToCart of version 1.1 by - .it took 7.62 to be resolved
new GET request for /api/cart?email=saikumarreddy.g21@iiits.in of version 1.1 by - .it took 12.64 to be resolved
new GET request for /api/cart?email=saikumarreddy.g21@iiits.in of version 1.1 by - .it took 6.40 to be resolved
new GET request for /api/products of version 1.1 by - .it took 205.05 to be resolved
new GET request for /api/products of version 1.1 by - .it took 198.04 to be resolved
new GET request for /api/cart?email=saikumarreddy.g21@iiits.in of version 1.1 by - .it took 8.35 to be resolved
new GET request for /api/cart?email=saikumarreddy.g21@iiits.in of version 1.1 by - .it took 8.78 to be resolved
new PUT request for /api/updateOrderStatus of version 1.1 by - .it took 6039.84 to be resolved
new GET request for /api/products of version 1.1 by - .it took 174.70 to be resolved
new GET request for /api/products of version 1.1 by - .it took 139.18 to be resolved
new GET request for /api/cartdata of version 1.1 by - .it took 14.02 to be resolved
new GET request for /api/reviews of version 1.1 by - .it took 11.33 to be resolved
new GET request for /api/getLoginStatus of version 1.1 by - .it took 5.07 to be resolved
new GET request for /api/cartdata of version 1.1 by - .it took 10.71 to be resolved
new GET request for /api/reviews of version 1.1 by - .it took 9.77 to be resolved
new GET request for /api/getLoginStatus of version 1.1 by - .it took 5.48 to be resolved
new GET request for /api/cartdata of version 1.1 by - .it took 16.47 to be resolved
new GET request for /api/products of version 1.1 by - .it took 248.27 to be resolved
new GET request for /api/cartdata of version 1.1 by - .it took 8.80 to be resolved
new GET request for /data.json of version 1.1 by - .it took 4.98 to be resolved
new GET request for /api/home12 of version 1.1 by - .it took 6.95 to be resolved
new GET request for /api/products of version 1.1 by - .it took 215.47 to be resolved
new GET request for /data.json of version 1.1 by - .it took 3.60 to be resolved
new GET request for /api/home12 of version 1.1 by - .it took 11.49 to be resolved
new GET request for /api/cartdata of version 1.1 by - .it took 4.24 to be resolved
new GET request for /api/cartdata of version 1.1 by - .it took 3.54 to be resolved
new GET request for /api/cartdata of version 1.1 by - .it took 7.08 to be resolved
new GET request for /api/reviews of version 1.1 by - .it took 6.45 to be resolved
new GET request for /api/cartdata of version 1.1 by - .it took 3.95 to be resolved
new GET request for /api/reviews of version 1.1 by - .it took 5.94 to be resolved
new GET request for /api/cartdata of version 1.1 by - .it took 6.14 to be resolved
new GET request for /api/cartdata of version 1.1 by - .it took 3.53 to be resolved
new GET request for /data.json of version 1.1 by - .it took 5.41 to be resolved
new GET request for /api/home12 of version 1.1 by - .it took 11.17 to be resolved
new GET request for /api/products of version 1.1 by - .it took 213.00 to be resolved
new GET request for /data.json of version 1.1 by - .it took 2.09 to be resolved
new GET request for /api/home12 of version 1.1 by - .it took 4.93 to be resolved
new GET request for /api/products of version 1.1 by - .it took 171.07 to be resolved
new GET request for /api/getLoginStatus of version 1.1 by - .it took 1.94 to be resolved
new GET request for /api/getLoginStatus of version 1.1 by - .it took 1.79 to be resolved
new GET request for /api/getuser of version 1.1 by - .it took 30.68 to be resolved
new GET request for /api/getuser of version 1.1 by - .it took 8.46 to be resolved
new GET request for /api/getuser of version 1.1 by - .it took 8.48 to be resolved
new GET request for /api/getuser of version 1.1 by - .it took 9.86 to be resolved
new GET request for /api/products of version 1.1 by - .it took 90.12 to be resolved
new GET request for /api/products of version 1.1 by - .it took 87.33 to be resolved
new GET request for /api/fetchreview of version 1.1 by - .it took 5.96 to be resolved
new GET request for /api/products of version 1.1 by - .it took 162.08 to be resolved
new GET request for /api/fetchreview of version 1.1 by - .it took 144.60 to be resolved
new GET request for /api/products of version 1.1 by - .it took 148.33 to be resolved
new GET request for /api/products of version 1.1 by - .it took 163.42 to be resolved
new GET request for /api/products of version 1.1 by - .it took 149.36 to be resolved
new GET request for /api/products of version 1.1 by - .it took 179.66 to be resolved
new GET request for /api/products of version 1.1 by - .it took 191.53 to be resolved
new GET request for /api/reviews of version 1.1 by - .it took 7.17 to be resolved
new GET request for /api/reviews of version 1.1 by - .it took 4.06 to be resolved
new GET request for /api/cartdata of version 1.1 by - .it took 7.10 to be resolved
new GET request for /api/cartdata of version 1.1 by - .it took 5.05 to be resolved
new GET request for /api/cartdata of version 1.1 by - .it took 3.44 to be resolved
new GET request for /api/reviews of version 1.1 by - .it took 3.47 to be resolved
new GET request for /api/cartdata of version 1.1 by - .it took 3.08 to be resolved
new GET request for /api/cartdata of version 1.1 by - .it took 3.87 to be resolved
new GET request for /api/reviews of version 1.1 by - .it took 4.42 to be resolved
new GET request for /api/cartdata of version 1.1 by - .it took 2.76 to be resolved
new GET request for /data.json of version 1.1 by - .it took 4.28 to be resolved
new GET request for /api/products of version 1.1 by - .it took 171.57 to be resolved
new GET request for /api/home12 of version 1.1 by - .it took 170.22 to be resolved
new GET request for /data.json of version 1.1 by - .it took 1.57 to be resolved
new GET request for /api/products of version 1.1 by - .it took 171.08 to be resolved
new GET request for /api/home12 of version 1.1 by - .it took 11.01 to be resolved
new GET request for /api/getuser of version 1.1 by - .it took 41.19 to be resolved
new GET request for /api/getuser of version 1.1 by - .it took 16.46 to be resolved
new GET request for /api/cart?email=saikumarreddy.g21@iiits.in of version 1.1 by - .it took 8.12 to be resolved
new GET request for /api/fetchreview of version 1.1 by - .it took 8.10 to be resolved
new GET request for /api/cart?email=saikumarreddy.g21@iiits.in of version 1.1 by - .it took 6.79 to be resolved
new GET request for /api/fetchreview of version 1.1 by - .it took 7.56 to be resolved
new POST request for /api/reviewsdata of version 1.1 by - .it took 7.09 to be resolved
new GET request for /api/fetchreview of version 1.1 by - .it took 6.36 to be resolved
new GET request for /api/products of version 1.1 by - .it took 215.19 to be resolved
new GET request for /api/fetchreview of version 1.1 by - .it took 207.97 to be resolved
new GET request for /api/products of version 1.1 by - .it took 168.88 to be resolved
new GET request for /api/getLoginStatus of version 1.1 by - .it took 9.18 to be resolved
new GET request for /api/getLoginStatus of version 1.1 by - .it took 3.55 to be resolved
new GET request for /api/getuser of version 1.1 by - .it took 47.29 to be resolved
new GET request for /api/getuser of version 1.1 by - .it took 10.38 to be resolved
new GET request for /api/getuser of version 1.1 by - .it took 19.77 to be resolved
new GET request for /api/getuser of version 1.1 by - .it took 41.72 to be resolved
new GET request for /api/getLoginStatus of version 1.1 by - .it took 2.35 to be resolved
new GET request for /api/getuser of version 1.1 by - .it took 16.62 to be resolved
new GET request for /api/getLoginStatus of version 1.1 by - .it took 2.95 to be resolved
new GET request for /api/getuser of version 1.1 by - .it took 12.81 to be resolved
new GET request for /api/cart?email=saikumarreddy.g21@iiits.in of version 1.1 by - .it took 13.30 to be resolved
new GET request for /api/cart?email=saikumarreddy.g21@iiits.in of version 1.1 by - .it took 6.53 to be resolved
new GET request for /api/fetchreview of version 1.1 by - .it took 21.42 to be resolved
new GET request for /api/fetchreview of version 1.1 by - .it took 5.38 to be resolved
new GET request for /api/fetchreview of version 1.1 by - .it took 6.41 to be resolved
new GET request for /api/fetchreview of version 1.1 by - .it took 5.60 to be resolved
new GET request for /api/products of version 1.1 by - .it took 227.43 to be resolved
new GET request for /api/products of version 1.1 by - .it took 210.68 to be resolved
new GET request for /api/products of version 1.1 by - .it took 212.89 to be resolved
new GET request for /api/products of version 1.1 by - .it took 190.33 to be resolved
new GET request for /api/fetchreview of version 1.1 by - .it took 3.87 to be resolved
new GET request for /api/products of version 1.1 by - .it took 208.06 to be resolved
new GET request for /api/fetchreview of version 1.1 by - .it took 208.93 to be resolved
new GET request for /api/products of version 1.1 by - .it took 186.74 to be resolved
new GET request for /api/fetchreview of version 1.1 by - .it took 3.58 to be resolved
new GET request for /api/products of version 1.1 by - .it took 137.39 to be resolved
new GET request for /api/fetchreview of version 1.1 by - .it took 5.36 to be resolved
new GET request for /api/products of version 1.1 by - .it took 113.70 to be resolved
new GET request for /api/fetchreview of version 1.1 by - .it took 3.87 to be resolved
new GET request for /api/products of version 1.1 by - .it took 106.90 to be resolved
new GET request for /api/fetchreview of version 1.1 by - .it took 5.05 to be resolved
new GET request for /api/products of version 1.1 by - .it took 119.81 to be resolved
new GET request for /api/fetchreview of version 1.1 by - .it took 4.71 to be resolved
new GET request for /api/products of version 1.1 by - .it took 152.18 to be resolved
new GET request for /api/fetchreview of version 1.1 by - .it took 3.19 to be resolved
new GET request for /api/products of version 1.1 by - .it took 144.32 to be resolved
new GET request for /api/fetchreview of version 1.1 by - .it took 3.35 to be resolved
new GET request for /api/products of version 1.1 by - .it took 136.62 to be resolved
new GET request for /api/fetchreview of version 1.1 by - .it took 5.79 to be resolved
new GET request for /api/products of version 1.1 by - .it took 126.62 to be resolved
new GET request for /api/products of version 1.1 by - .it took 173.06 to be resolved
new GET request for /api/products of version 1.1 by - .it took 164.16 to be resolved
new GET request for /api/fetchreview of version 1.1 by - .it took 3.82 to be resolved
new GET request for /api/products of version 1.1 by - .it took 178.72 to be resolved
new GET request for /api/fetchreview of version 1.1 by - .it took 176.08 to be resolved
new GET request for /api/products of version 1.1 by - .it took 167.26 to be resolved
new GET request for /api/products of version 1.1 by - .it took 176.39 to be resolved
new GET request for /api/products of version 1.1 by - .it took 145.95 to be resolved
new GET request for /api/fetchreview of version 1.1 by - .it took 3.28 to be resolved
new GET request for /api/products of version 1.1 by - .it took 176.55 to be resolved
new GET request for /api/fetchreview of version 1.1 by - .it took 171.57 to be resolved
new GET request for /api/products of version 1.1 by - .it took 158.90 to be resolved
new GET request for /api/products of version 1.1 by - .it took 184.84 to be resolved
new GET request for /api/products of version 1.1 by - .it took 166.82 to be resolved
new GET request for /api/fetchreview of version 1.1 by - .it took 4.72 to be resolved
new GET request for /api/fetchreview of version 1.1 by - .it took 5.87 to be resolved
new GET request for /api/products of version 1.1 by - .it took 188.83 to be resolved
new GET request for /api/products of version 1.1 by - .it took 154.20 to be resolved
new GET request for /api/products of version 1.1 by - .it took 172.35 to be resolved
new GET request for /api/products of version 1.1 by - .it took 144.12 to be resolved
new GET request for /api/fetchreview of version 1.1 by - .it took 4.79 to be resolved
new GET request for /api/fetchreview of version 1.1 by - .it took 4.27 to be resolved
new GET request for /api/products of version 1.1 by - .it took 188.71 to be resolved
new GET request for /api/products of version 1.1 by - .it took 167.47 to be resolved
new GET request for /api/products of version 1.1 by - .it took 194.80 to be resolved
new GET request for /api/products of version 1.1 by - .it took 158.82 to be resolved
new GET request for /api/fetchreview of version 1.1 by - .it took 6.81 to be resolved
new GET request for /api/fetchreview of version 1.1 by - .it took 11.00 to be resolved
new GET request for /api/products of version 1.1 by - .it took 126.69 to be resolved
new GET request for /api/products of version 1.1 by - .it took 91.44 to be resolved
new GET request for /api/getLoginStatus of version 1.1 by - .it took 2.83 to be resolved
new GET request for /api/getLoginStatus of version 1.1 by - .it took 2.38 to be resolved
new GET request for /api/getuser of version 1.1 by - .it took 29.32 to be resolved
new GET request for /api/getuser of version 1.1 by - .it took 12.64 to be resolved
new GET request for /api/getLoginStatus of version 1.1 by - .it took 2.76 to be resolved
new GET request for /api/getLoginStatus of version 1.1 by - .it took 2.99 to be resolved
new GET request for /api/getuser of version 1.1 by - .it took 19.94 to be resolved
new GET request for /api/products of version 1.1 by - .it took 236.92 to be resolved
new GET request for /api/getuser of version 1.1 by - .it took 242.46 to be resolved
new GET request for /api/getuser of version 1.1 by - .it took 16.81 to be resolved
new GET request for /api/products of version 1.1 by - .it took 156.44 to be resolved
new GET request for /api/getuser of version 1.1 by - .it took 10.62 to be resolved
new GET request for /api/fetchreview of version 1.1 by - .it took 5.28 to be resolved
new GET request for /api/products of version 1.1 by - .it took 188.71 to be resolved
new GET request for /api/fetchreview of version 1.1 by - .it took 181.29 to be resolved
new GET request for /api/products of version 1.1 by - .it took 164.01 to be resolved
new GET request for /api/getLoginStatus of version 1.1 by - .it took 2.32 to be resolved
new GET request for /api/getLoginStatus of version 1.1 by - .it took 1.77 to be resolved
new GET request for /api/getuser of version 1.1 by - .it took 18.00 to be resolved
new GET request for /api/getuser of version 1.1 by - .it took 10.28 to be resolved
new GET request for /api/getuser of version 1.1 by - .it took 9.98 to be resolved
new GET request for /api/getuser of version 1.1 by - .it took 7.00 to be resolved
new GET request for /api/getLoginStatus of version 1.1 by - .it took 3.97 to be resolved
new GET request for /api/getuser of version 1.1 by - .it took 27.16 to be resolved
new GET request for /api/products of version 1.1 by - .it took 132.13 to be resolved
new GET request for /api/getLoginStatus of version 1.1 by - .it took 1.81 to be resolved
new GET request for /api/fetchreview of version 1.1 by - .it took 143.35 to be resolved
new GET request for /api/getLoginStatus of version 1.1 by - .it took 1.98 to be resolved
new GET request for /api/getLoginStatus of version 1.1 by - .it took 2.28 to be resolved
new GET request for /api/getuser of version 1.1 by - .it took 26.15 to be resolved
new GET request for /api/products of version 1.1 by - .it took 109.46 to be resolved
new GET request for /api/fetchreview of version 1.1 by - .it took 105.57 to be resolved
new GET request for /api/getuser of version 1.1 by - .it took 11.36 to be resolved
new GET request for /api/getuser of version 1.1 by - .it took 10.01 to be resolved
new GET request for /api/getLoginStatus of version 1.1 by - .it took 2.41 to be resolved
new GET request for /api/getLoginStatus of version 1.1 by - .it took 3.52 to be resolved
new GET request for /api/getuser of version 1.1 by - .it took 19.40 to be resolved
new GET request for /api/fetchreview of version 1.1 by - .it took 10.48 to be resolved
new GET request for /api/products of version 1.1 by - .it took 116.18 to be resolved
new GET request for /api/fetchreview of version 1.1 by - .it took 8.06 to be resolved
new GET request for /api/getuser of version 1.1 by - .it took 120.88 to be resolved
new GET request for /api/products of version 1.1 by - .it took 130.77 to be resolved
new GET request for /api/getLoginStatus of version 1.1 by - .it took 5.36 to be resolved
new GET request for /api/fetchreview of version 1.1 by - .it took 11.04 to be resolved
new GET request for /api/products of version 1.1 by - .it took 136.34 to be resolved
new GET request for /api/getLoginStatus of version 1.1 by - .it took 2.32 to be resolved
new GET request for /api/fetchreview of version 1.1 by - .it took 5.37 to be resolved
new GET request for /api/products of version 1.1 by - .it took 115.52 to be resolved
new GET request for /api/getLoginStatus of version 1.1 by - .it took 3.16 to be resolved
new GET request for /api/fetchreview of version 1.1 by - .it took 6.76 to be resolved
new GET request for /api/getLoginStatus of version 1.1 by - .it took 3.05 to be resolved
new GET request for /api/products of version 1.1 by - .it took 112.69 to be resolved
new GET request for /api/fetchreview of version 1.1 by - .it took 5.78 to be resolved
new GET request for /api/products of version 1.1 by - .it took 103.71 to be resolved
new GET request for /api/fetchreview of version 1.1 by - .it took 4.26 to be resolved
new GET request for /api/products of version 1.1 by - .it took 145.94 to be resolved
new GET request for /api/fetchreview of version 1.1 by - .it took 2.31 to be resolved
new GET request for /api/products of version 1.1 by - .it took 94.46 to be resolved
new GET request for /api/getLoginStatus of version 1.1 by - .it took 2.69 to be resolved
new GET request for /api/fetchreview of version 1.1 by - .it took 8.87 to be resolved
new GET request for /api/getLoginStatus of version 1.1 by - .it took 2.37 to be resolved
new GET request for /api/getuser of version 1.1 by - .it took 30.09 to be resolved
new GET request for /api/products of version 1.1 by - .it took 138.43 to be resolved
new GET request for /api/getLoginStatus of version 1.1 by - .it took 2.54 to be resolved
new GET request for /api/fetchreview of version 1.1 by - .it took 10.60 to be resolved
new GET request for /api/getLoginStatus of version 1.1 by - .it took 2.35 to be resolved
new GET request for /api/getLoginStatus of version 1.1 by - .it took 2.41 to be resolved
new GET request for /api/products of version 1.1 by - .it took 104.17 to be resolved
new GET request for /api/getuser of version 1.1 by - .it took 111.03 to be resolved
new GET request for /api/getLoginStatus of version 1.1 by - .it took 2.60 to be resolved
new GET request for /api/getuser of version 1.1 by - .it took 8.64 to be resolved
new GET request for /api/getuser of version 1.1 by - .it took 9.69 to be resolved
new GET request for /api/getuser of version 1.1 by - .it took 6.41 to be resolved
new GET request for /api/getuser of version 1.1 by - .it took 5.47 to be resolved
new GET request for /api/getuser of version 1.1 by - .it took 8.26 to be resolved
new GET request for /api/getuser of version 1.1 by - .it took 9.82 to be resolved
new GET request for /api/products of version 1.1 by - .it took 204.62 to be resolved
new GET request for /api/products of version 1.1 by - .it took 165.29 to be resolved
new GET request for /api/fetchreview of version 1.1 by - .it took 5.09 to be resolved
new GET request for /api/products of version 1.1 by - .it took 208.33 to be resolved
new GET request for /api/fetchreview of version 1.1 by - .it took 199.66 to be resolved
new GET request for /api/products of version 1.1 by - .it took 152.31 to be resolved
new GET request for /api/products of version 1.1 by - .it took 175.41 to be resolved
new GET request for /api/products of version 1.1 by - .it took 139.59 to be resolved
new GET request for /api/fetchreview of version 1.1 by - .it took 4.68 to be resolved
new GET request for /api/fetchreview of version 1.1 by - .it took 5.20 to be resolved
new GET request for /api/products of version 1.1 by - .it took 188.63 to be resolved
new GET request for /api/products of version 1.1 by - .it took 174.70 to be resolved
new GET request for /api/products of version 1.1 by - .it took 182.38 to be resolved
new GET request for /api/products of version 1.1 by - .it took 168.44 to be resolved
new GET request for /api/fetchreview of version 1.1 by - .it took 3.57 to be resolved
new GET request for /api/products of version 1.1 by - .it took 179.62 to be resolved
new GET request for /api/fetchreview of version 1.1 by - .it took 174.48 to be resolved
new GET request for /api/products of version 1.1 by - .it took 194.37 to be resolved
new GET request for /api/products of version 1.1 by - .it took 164.39 to be resolved
new GET request for /api/products of version 1.1 by - .it took 137.20 to be resolved
new GET request for /api/fetchreview of version 1.1 by - .it took 3.44 to be resolved
new GET request for /api/products of version 1.1 by - .it took 108.92 to be resolved
new GET request for /api/fetchreview of version 1.1 by - .it took 7.55 to be resolved
new GET request for /api/products of version 1.1 by - .it took 100.60 to be resolved
new GET request for /api/cart?email=saikumarreddy.g21@iiits.in of version 1.1 by - .it took 7.48 to be resolved
new POST request for /api/addToCart of version 1.1 by - .it took 7.26 to be resolved
new GET request for /api/cart?email=saikumarreddy.g21@iiits.in of version 1.1 by - .it took 6.87 to be resolved
new GET request for /api/cart?email=saikumarreddy.g21@iiits.in of version 1.1 by - .it took 5.99 to be resolved
new GET request for /api/products of version 1.1 by - .it took 164.99 to be resolved
new GET request for /api/products of version 1.1 by - .it took 181.81 to be resolved
new GET request for /api/products of version 1.1 by - .it took 169.91 to be resolved
new GET request for /api/products of version 1.1 by - .it took 147.65 to be resolved
new GET request for /api/fetchreview of version 1.1 by - .it took 3.35 to be resolved
new GET request for /api/products of version 1.1 by - .it took 157.14 to be resolved
new GET request for /api/fetchreview of version 1.1 by - .it took 151.88 to be resolved
new GET request for /api/products of version 1.1 by - .it took 163.95 to be resolved
new GET request for /api/cart?email=saikumarreddy.g21@iiits.in of version 1.1 by - .it took 3.29 to be resolved
new POST request for /api/addToCart of version 1.1 by - .it took 8.25 to be resolved
new GET request for /api/products of version 1.1 by - .it took 170.73 to be resolved
new GET request for /api/products of version 1.1 by - .it took 173.46 to be resolved
new GET request for /api/fetchreview of version 1.1 by - .it took 4.64 to be resolved
new GET request for /api/fetchreview of version 1.1 by - .it took 7.09 to be resolved
new GET request for /api/products of version 1.1 by - .it took 195.63 to be resolved
new GET request for /api/products of version 1.1 by - .it took 169.06 to be resolved
new GET request for /api/cart?email=saikumarreddy.g21@iiits.in of version 1.1 by - .it took 7.35 to be resolved
new POST request for /api/addToCart of version 1.1 by - .it took 15.41 to be resolved
new GET request for /api/cart?email=saikumarreddy.g21@iiits.in of version 1.1 by - .it took 4.76 to be resolved
new GET request for /api/products of version 1.1 by - .it took 169.34 to be resolved
new GET request for /api/cart?email=saikumarreddy.g21@iiits.in of version 1.1 by - .it took 170.78 to be resolved
new GET request for /api/products of version 1.1 by - .it took 196.05 to be resolved
new GET request for /api/products of version 1.1 by - .it took 167.54 to be resolved
new GET request for /api/products of version 1.1 by - .it took 160.09 to be resolved
new GET request for /api/cart?email=saikumarreddy.g21@iiits.in of version 1.1 by - .it took 5.45 to be resolved
new POST request for /api/addToCart of version 1.1 by - .it took 6.44 to be resolved
new GET request for /api/cart?email=saikumarreddy.g21@iiits.in of version 1.1 by - .it took 5.34 to be resolved
new GET request for /api/cart?email=saikumarreddy.g21@iiits.in of version 1.1 by - .it took 6.02 to be resolved
new GET request for /api/products of version 1.1 by - .it took 193.90 to be resolved
new GET request for /api/products of version 1.1 by - .it took 199.30 to be resolved
new GET request for /api/products of version 1.1 by - .it took 167.64 to be resolved
new GET request for /api/products of version 1.1 by - .it took 149.03 to be resolved
new GET request for /api/fetchreview of version 1.1 by - .it took 2.96 to be resolved
new GET request for /api/fetchreview of version 1.1 by - .it took 3.07 to be resolved
new GET request for /api/products of version 1.1 by - .it took 211.97 to be resolved
new GET request for /api/products of version 1.1 by - .it took 175.98 to be resolved
new GET request for /api/getLoginStatus of version 1.1 by - .it took 19.48 to be resolved
new GET request for /api/getLoginStatus of version 1.1 by - .it took 6.38 to be resolved
new GET request for /api/getuser of version 1.1 by - .it took 96.19 to be resolved
new GET request for /api/getuser of version 1.1 by - .it took 18.40 to be resolved
new GET request for /api/products of version 1.1 by - .it took 297.99 to be resolved
new GET request for /api/products of version 1.1 by - .it took 195.48 to be resolved
new GET request for /api/products of version 1.1 by - .it took 205.11 to be resolved
new GET request for /api/fetchreview of version 1.1 by - .it took 201.67 to be resolved
new GET request for /api/fetchreview of version 1.1 by - .it took 6.08 to be resolved
new GET request for /api/products of version 1.1 by - .it took 149.93 to be resolved
