new GET request for /api/getuser of version 1.1 by - .it took 26.65 to be resolved
new GET request for /api/getuser of version 1.1 by - .it took 2.75 to be resolved
new GET request for /api/getLoginStatus of version 1.1 by - .it took 11.09 to be resolved
new GET request for /api/getLoginStatus of version 1.1 by - .it took 1.72 to be resolved
new GET request for /api/getuser of version 1.1 by - .it took 2.68 to be resolved
new GET request for /api/getuser of version 1.1 by - .it took 2.11 to be resolved
new POST request for /api/register of version 1.1 by - .it took 263.54 to be resolved
new GET request for /api/logout of version 1.1 by - .it took 3.01 to be resolved
new GET request for /api/getuser of version 1.1 by - .it took 1.91 to be resolved
new GET request for /api/getuser of version 1.1 by - .it took 1.89 to be resolved
new GET request for /api/getuser of version 1.1 by - .it took 1.87 to be resolved
new GET request for /api/getuser of version 1.1 by - .it took 2.01 to be resolved
new GET request for /api/getuser of version 1.1 by - .it took 2.05 to be resolved
new POST request for /api/register of version 1.1 by - .it took 168.15 to be resolved
new GET request for /api/getuser of version 1.1 by - .it took 1.47 to be resolved
new GET request for /api/getLoginStatus of version 1.1 by - .it took 1.57 to be resolved
new GET request for /api/getuser of version 1.1 by - .it took 2.13 to be resolved
new GET request for /api/getLoginStatus of version 1.1 by - .it took 0.75 to be resolved
new GET request for /api/getLoginStatus of version 1.1 by - .it took 2.83 to be resolved
new GET request for /api/getLoginStatus of version 1.1 by - .it took 1.29 to be resolved
new GET request for /api/getuser of version 1.1 by - .it took 2.98 to be resolved
new GET request for /api/getuser of version 1.1 by - .it took 1.28 to be resolved
new GET request for /api/getuser of version 1.1 by - .it took 1.58 to be resolved
new GET request for /api/getuser of version 1.1 by - .it took 1.25 to be resolved
new GET request for /api/getuser of version 1.1 by - .it took 1.03 to be resolved
new GET request for /api/getuser of version 1.1 by - .it took 0.95 to be resolved
new GET request for /api/getuser of version 1.1 by - .it took 1.45 to be resolved
new GET request for /api/getuser of version 1.1 by - .it took 0.91 to be resolved
new GET request for /api/getuser of version 1.1 by - .it took 0.85 to be resolved
new GET request for /api/getuser of version 1.1 by - .it took 12.19 to be resolved
new GET request for /api/getuser of version 1.1 by - .it took 11.39 to be resolved
new GET request for /api/getuser of version 1.1 by - .it took 1.03 to be resolved
new GET request for /api/getuser of version 1.1 by - .it took 1.35 to be resolved
new GET request for /api/getuser of version 1.1 by - .it took 1.27 to be resolved
new GET request for /api/getLoginStatus of version 1.1 by - .it took 2.10 to be resolved
new GET request for /api/getLoginStatus of version 1.1 by - .it took 1.82 to be resolved
new GET request for /api/getuser of version 1.1 by - .it took 1.09 to be resolved
new GET request for /api/getuser of version 1.1 by - .it took 1.04 to be resolved
new GET request for /api/getLoginStatus of version 1.1 by - .it took 1.12 to be resolved
new GET request for /api/getuser of version 1.1 by - .it took 2.53 to be resolved
new GET request for /api/getLoginStatus of version 1.1 by - .it took 1.56 to be resolved
new GET request for /api/getuser of version 1.1 by - .it took 1.12 to be resolved
new GET request for /api/getuser of version 1.1 by - .it took 1.89 to be resolved
new GET request for /api/getuser of version 1.1 by - .it took 2.05 to be resolved
new GET request for /api/getuser of version 1.1 by - .it took 1.54 to be resolved
new GET request for /api/getLoginStatus of version 1.1 by - .it took 0.90 to be resolved
new GET request for /api/getuser of version 1.1 by - .it took 0.89 to be resolved
new GET request for /api/getLoginStatus of version 1.1 by - .it took 0.91 to be resolved
new GET request for /api/getuser of version 1.1 by - .it took 1.34 to be resolved
new GET request for /api/getuser of version 1.1 by - .it took 1.62 to be resolved
new GET request for /api/getuser of version 1.1 by - .it took 5.30 to be resolved
new GET request for /api/getLoginStatus of version 1.1 by - .it took 11.82 to be resolved
new GET request for /api/getuser of version 1.1 by - .it took 3.46 to be resolved
new GET request for /api/getLoginStatus of version 1.1 by - .it took 1.18 to be resolved
new GET request for /api/logout of version 1.1 by - .it took 5.44 to be resolved
new GET request for /api/getuser of version 1.1 by - .it took 1.25 to be resolved
new GET request for /api/getuser of version 1.1 by - .it took 0.91 to be resolved
new GET request for /api/getuser of version 1.1 by - .it took 1.21 to be resolved
new GET request for /api/getuser of version 1.1 by - .it took 0.92 to be resolved
new GET request for /api/getuser of version 1.1 by - .it took 0.88 to be resolved
new GET request for /api/getLoginStatus of version 1.1 by - .it took 1.10 to be resolved
new GET request for /api/getuser of version 1.1 by - .it took 1.86 to be resolved
new GET request for /api/getLoginStatus of version 1.1 by - .it took 1.02 to be resolved
new GET request for /api/getuser of version 1.1 by - .it took 1.26 to be resolved
new GET request for /api/getuser of version 1.1 by - .it took 0.97 to be resolved
new GET request for /api/getuser of version 1.1 by - .it took 1.38 to be resolved
new GET request for /api/getuser of version 1.1 by - .it took 11.11 to be resolved
new GET request for /api/logout of version 1.1 by - .it took 1.16 to be resolved
new GET request for /api/getuser of version 1.1 by - .it took 1.09 to be resolved
new GET request for /api/getuser of version 1.1 by - .it took 0.96 to be resolved
new GET request for /api/getuser of version 1.1 by - .it took 1.22 to be resolved
new GET request for /api/getLoginStatus of version 1.1 by - .it took 1.00 to be resolved
new GET request for /api/getuser of version 1.1 by - .it took 0.87 to be resolved
new GET request for /api/getLoginStatus of version 1.1 by - .it took 0.83 to be resolved
new GET request for /api/getuser of version 1.1 by - .it took 1.21 to be resolved
new GET request for /api/getuser of version 1.1 by - .it took 1.29 to be resolved
new GET request for /api/getuser of version 1.1 by - .it took 1.92 to be resolved
new GET request for /api/getuser of version 1.1 by - .it took 11.44 to be resolved
new GET request for /api/getuser of version 1.1 by - .it took 1.03 to be resolved
new GET request for /api/getuser of version 1.1 by - .it took 2.75 to be resolved
new GET request for /api/getuser of version 1.1 by - .it took 0.92 to be resolved
new POST request for /api/login of version 1.1 by - .it took 273.01 to be resolved
new GET request for /api/products of version 1.1 by - .it took 37.99 to be resolved
new GET request for /api/products of version 1.1 by - .it took 8.83 to be resolved
new GET request for /api/logout of version 1.1 by - .it took 1.58 to be resolved
new GET request for /api/getuser of version 1.1 by - .it took 0.91 to be resolved
new GET request for /api/getuser of version 1.1 by - .it took 1.25 to be resolved
new GET request for /api/getuser of version 1.1 by - .it took 1.36 to be resolved
new GET request for /api/getuser of version 1.1 by - .it took 1.09 to be resolved
new GET request for /api/getuser of version 1.1 by - .it took 1.07 to be resolved
new GET request for /api/getLoginStatus of version 1.1 by - .it took 1.09 to be resolved
new GET request for /api/getLoginStatus of version 1.1 by - .it took 0.92 to be resolved
new GET request for /api/logout of version 1.1 by - .it took 1.18 to be resolved
new GET request for /api/getuser of version 1.1 by - .it took 4.05 to be resolved
new GET request for /api/getuser of version 1.1 by - .it took 1.33 to be resolved
new GET request for /api/getuser of version 1.1 by - .it took 2.01 to be resolved
new GET request for /api/getuser of version 1.1 by - .it took 1.10 to be resolved
